============================================================
MLX feature export complete
============================================================
Output directory: /Users/atakanemre/PeptidQuantum/data/mlx/ablation_features/f1_ld0
  train: 117738 pairs -> /Users/atakanemre/PeptidQuantum/data/mlx/ablation_features/f1_ld0/train_mlx_features.npz
  val: 25728 pairs -> /Users/atakanemre/PeptidQuantum/data/mlx/ablation_features/f1_ld0/val_mlx_features.npz
  test: 24924 pairs -> /Users/atakanemre/PeptidQuantum/data/mlx/ablation_features/f1_ld0/test_mlx_features.npz
Pair feature dim: 131
MLX training config | train=24996 val=7998 test=7998 | epochs=8 patience=4 min_epochs_before_early_stop=0
Candidate integrity | train=4166/4166 val=1333/1333 test=1333/1333
Epoch 001/8 | loss=1.1509 | val_auroc=0.5765 | val_mrr=0.4684 | val_hit@3=0.5904 | val_mcc=0.0851
[BEST] val_mrr -> 0.4684
Epoch 002/8 | loss=1.1136 | val_auroc=0.6120 | val_mrr=0.5067 | val_hit@3=0.6392 | val_mcc=0.1303
[BEST] val_mrr -> 0.5067
Epoch 003/8 | loss=1.0810 | val_auroc=0.6413 | val_mrr=0.5171 | val_hit@3=0.6632 | val_mcc=0.1609
[BEST] val_mrr -> 0.5171
Epoch 004/8 | loss=1.0492 | val_auroc=0.6618 | val_mrr=0.5397 | val_hit@3=0.6812 | val_mcc=0.1701
[BEST] val_mrr -> 0.5397
Epoch 005/8 | loss=1.0174 | val_auroc=0.6713 | val_mrr=0.5488 | val_hit@3=0.6939 | val_mcc=0.1809
[BEST] val_mrr -> 0.5488
Epoch 006/8 | loss=0.9902 | val_auroc=0.6736 | val_mrr=0.5539 | val_hit@3=0.6902 | val_mcc=0.1877
[BEST] val_mrr -> 0.5539
Epoch 007/8 | loss=0.9543 | val_auroc=0.6836 | val_mrr=0.5655 | val_hit@3=0.7082 | val_mcc=0.1959
[BEST] val_mrr -> 0.5655
Epoch 008/8 | loss=0.9303 | val_auroc=0.6858 | val_mrr=0.5700 | val_hit@3=0.7104 | val_mcc=0.1945
[BEST] val_mrr -> 0.5700
Training complete. Outputs: /Users/atakanemre/PeptidQuantum/outputs/training/ablation_mlx_mlp_s_f1_l1_c0_smoke
MLX training config | train=24996 val=7998 test=7998 | epochs=8 patience=4 min_epochs_before_early_stop=0
Candidate integrity | train=4166/4166 val=1333/1333 test=1333/1333
Epoch 001/8 | loss=0.8003 | val_auroc=0.4845 | val_mrr=0.3931 | val_hit@3=0.4629 | val_mcc=0.0274
[BEST] val_mrr -> 0.3931
Epoch 002/8 | loss=0.7681 | val_auroc=0.5416 | val_mrr=0.4503 | val_hit@3=0.5634 | val_mcc=0.0627
[BEST] val_mrr -> 0.4503
Epoch 003/8 | loss=0.7608 | val_auroc=0.5528 | val_mrr=0.4694 | val_hit@3=0.5844 | val_mcc=0.0707
[BEST] val_mrr -> 0.4694
Epoch 004/8 | loss=0.7529 | val_auroc=0.5621 | val_mrr=0.4753 | val_hit@3=0.5844 | val_mcc=0.0988
[BEST] val_mrr -> 0.4753
Epoch 005/8 | loss=0.7350 | val_auroc=0.5797 | val_mrr=0.4788 | val_hit@3=0.6039 | val_mcc=0.0907
[BEST] val_mrr -> 0.4788
Epoch 006/8 | loss=0.7586 | val_auroc=0.5663 | val_mrr=0.4730 | val_hit@3=0.5874 | val_mcc=0.0706
Epoch 007/8 | loss=0.7383 | val_auroc=0.5835 | val_mrr=0.4858 | val_hit@3=0.6114 | val_mcc=0.1052
[BEST] val_mrr -> 0.4858
Epoch 008/8 | loss=0.7240 | val_auroc=0.5922 | val_mrr=0.4822 | val_hit@3=0.6144 | val_mcc=0.1098
Training complete. Outputs: /Users/atakanemre/PeptidQuantum/outputs/training/ablation_mlx_mlp_s_f1_l2_c0_smoke
============================================================
MLX feature export complete
============================================================
Output directory: /Users/atakanemre/PeptidQuantum/data/mlx/ablation_features/f2_ld1
  train: 117738 pairs -> /Users/atakanemre/PeptidQuantum/data/mlx/ablation_features/f2_ld1/train_mlx_features.npz
  val: 25728 pairs -> /Users/atakanemre/PeptidQuantum/data/mlx/ablation_features/f2_ld1/val_mlx_features.npz
  test: 24924 pairs -> /Users/atakanemre/PeptidQuantum/data/mlx/ablation_features/f2_ld1/test_mlx_features.npz
Pair feature dim: 131
MLX training config | train=24996 val=7998 test=7998 | epochs=8 patience=4 min_epochs_before_early_stop=0
Candidate integrity | train=4166/4166 val=1333/1333 test=1333/1333
Epoch 001/8 | loss=0.8066 | val_auroc=0.4957 | val_mrr=0.4033 | val_hit@3=0.4966 | val_mcc=0.0248
[BEST] val_mrr -> 0.4033
Epoch 002/8 | loss=0.7703 | val_auroc=0.5372 | val_mrr=0.4422 | val_hit@3=0.5431 | val_mcc=0.0681
[BEST] val_mrr -> 0.4422
Epoch 003/8 | loss=0.7569 | val_auroc=0.5452 | val_mrr=0.4599 | val_hit@3=0.5656 | val_mcc=0.0788
[BEST] val_mrr -> 0.4599
Epoch 004/8 | loss=0.7531 | val_auroc=0.5518 | val_mrr=0.4702 | val_hit@3=0.5746 | val_mcc=0.0851
[BEST] val_mrr -> 0.4702
Epoch 005/8 | loss=0.7336 | val_auroc=0.5844 | val_mrr=0.4834 | val_hit@3=0.6062 | val_mcc=0.0902
[BEST] val_mrr -> 0.4834
Epoch 006/8 | loss=0.7508 | val_auroc=0.5718 | val_mrr=0.4829 | val_hit@3=0.5889 | val_mcc=0.0874
Epoch 007/8 | loss=0.7262 | val_auroc=0.5897 | val_mrr=0.4902 | val_hit@3=0.6077 | val_mcc=0.1041
[BEST] val_mrr -> 0.4902
Epoch 008/8 | loss=0.7156 | val_auroc=0.6020 | val_mrr=0.5045 | val_hit@3=0.6309 | val_mcc=0.1130
[BEST] val_mrr -> 0.5045
Training complete. Outputs: /Users/atakanemre/PeptidQuantum/outputs/training/ablation_mlx_mlp_s_f2_l2_c0_smoke
MLX training config | train=24996 val=7998 test=7998 | epochs=8 patience=4 min_epochs_before_early_stop=8
Candidate integrity | train=4166/4166 val=1333/1333 test=1333/1333
Epoch 001/8 | loss=0.8130 | val_auroc=0.5100 | val_mrr=0.4105 | val_hit@3=0.5229 | val_mcc=0.0236
[BEST] val_mrr -> 0.4105
Epoch 002/8 | loss=0.7689 | val_auroc=0.5358 | val_mrr=0.4383 | val_hit@3=0.5469 | val_mcc=0.0548
[BEST] val_mrr -> 0.4383
Epoch 003/8 | loss=0.7583 | val_auroc=0.5584 | val_mrr=0.4638 | val_hit@3=0.5784 | val_mcc=0.0899
[BEST] val_mrr -> 0.4638
Epoch 004/8 | loss=0.7546 | val_auroc=0.5550 | val_mrr=0.4680 | val_hit@3=0.5851 | val_mcc=0.0875
[BEST] val_mrr -> 0.4680
Epoch 005/8 | loss=0.7310 | val_auroc=0.5748 | val_mrr=0.4807 | val_hit@3=0.6122 | val_mcc=0.0844
[BEST] val_mrr -> 0.4807
Epoch 006/8 | loss=0.7548 | val_auroc=0.5682 | val_mrr=0.4824 | val_hit@3=0.6099 | val_mcc=0.0915
[BEST] val_mrr -> 0.4824
Epoch 007/8 | loss=0.7202 | val_auroc=0.5773 | val_mrr=0.4931 | val_hit@3=0.6204 | val_mcc=0.0865
[BEST] val_mrr -> 0.4931
Epoch 008/8 | loss=0.7282 | val_auroc=0.5925 | val_mrr=0.4926 | val_hit@3=0.6129 | val_mcc=0.1027
Training complete. Outputs: /Users/atakanemre/PeptidQuantum/outputs/training/ablation_mlx_mlp_s_f2_l2_c1_smoke
MLX training config | train=24996 val=7998 test=7998 | epochs=8 patience=4 min_epochs_before_early_stop=0
Candidate integrity | train=4166/4166 val=1333/1333 test=1333/1333
Epoch 001/8 | loss=1.1502 | val_auroc=0.5764 | val_mrr=0.4734 | val_hit@3=0.6069 | val_mcc=0.0947
[BEST] val_mrr -> 0.4734
Epoch 002/8 | loss=1.1136 | val_auroc=0.6066 | val_mrr=0.5050 | val_hit@3=0.6474 | val_mcc=0.1216
[BEST] val_mrr -> 0.5050
Epoch 003/8 | loss=1.0734 | val_auroc=0.6410 | val_mrr=0.5246 | val_hit@3=0.6647 | val_mcc=0.1584
[BEST] val_mrr -> 0.5246
Epoch 004/8 | loss=1.0366 | val_auroc=0.6549 | val_mrr=0.5293 | val_hit@3=0.6774 | val_mcc=0.1652
[BEST] val_mrr -> 0.5293
Epoch 005/8 | loss=0.9999 | val_auroc=0.6674 | val_mrr=0.5468 | val_hit@3=0.6984 | val_mcc=0.1842
[BEST] val_mrr -> 0.5468
Epoch 006/8 | loss=0.9647 | val_auroc=0.6662 | val_mrr=0.5463 | val_hit@3=0.7014 | val_mcc=0.1760
Epoch 007/8 | loss=0.9184 | val_auroc=0.6849 | val_mrr=0.5738 | val_hit@3=0.7172 | val_mcc=0.1955
[BEST] val_mrr -> 0.5738
Epoch 008/8 | loss=0.8791 | val_auroc=0.6821 | val_mrr=0.5653 | val_hit@3=0.7127 | val_mcc=0.1995
Training complete. Outputs: /Users/atakanemre/PeptidQuantum/outputs/training/ablation_mlx_mlp_m_f1_l1_c0_smoke
MLX training config | train=24996 val=7998 test=7998 | epochs=8 patience=4 min_epochs_before_early_stop=0
Candidate integrity | train=4166/4166 val=1333/1333 test=1333/1333
Epoch 001/8 | loss=0.8071 | val_auroc=0.4863 | val_mrr=0.4073 | val_hit@3=0.4764 | val_mcc=0.0100
[BEST] val_mrr -> 0.4073
Epoch 002/8 | loss=0.7769 | val_auroc=0.5082 | val_mrr=0.4163 | val_hit@3=0.5116 | val_mcc=0.0212
[BEST] val_mrr -> 0.4163
Epoch 003/8 | loss=0.7681 | val_auroc=0.5535 | val_mrr=0.4717 | val_hit@3=0.5776 | val_mcc=0.0749
[BEST] val_mrr -> 0.4717
Epoch 004/8 | loss=0.7610 | val_auroc=0.5578 | val_mrr=0.4650 | val_hit@3=0.5874 | val_mcc=0.0822
Epoch 005/8 | loss=0.7370 | val_auroc=0.5651 | val_mrr=0.4795 | val_hit@3=0.6077 | val_mcc=0.0716
[BEST] val_mrr -> 0.4795
Epoch 006/8 | loss=0.7590 | val_auroc=0.5467 | val_mrr=0.4564 | val_hit@3=0.5596 | val_mcc=0.0853
Epoch 007/8 | loss=0.7467 | val_auroc=0.5663 | val_mrr=0.4742 | val_hit@3=0.6069 | val_mcc=0.0786
Epoch 008/8 | loss=0.7365 | val_auroc=0.5809 | val_mrr=0.4863 | val_hit@3=0.6017 | val_mcc=0.0924
[BEST] val_mrr -> 0.4863
Training complete. Outputs: /Users/atakanemre/PeptidQuantum/outputs/training/ablation_mlx_mlp_m_f1_l2_c0_smoke
MLX training config | train=24996 val=7998 test=7998 | epochs=8 patience=4 min_epochs_before_early_stop=0
Candidate integrity | train=4166/4166 val=1333/1333 test=1333/1333
Epoch 001/8 | loss=0.7925 | val_auroc=0.5147 | val_mrr=0.4219 | val_hit@3=0.5169 | val_mcc=0.0235
[BEST] val_mrr -> 0.4219
Epoch 002/8 | loss=0.7805 | val_auroc=0.5199 | val_mrr=0.4305 | val_hit@3=0.5446 | val_mcc=0.0411
[BEST] val_mrr -> 0.4305
Epoch 003/8 | loss=0.7638 | val_auroc=0.5501 | val_mrr=0.4604 | val_hit@3=0.5551 | val_mcc=0.0796
[BEST] val_mrr -> 0.4604
Epoch 004/8 | loss=0.7610 | val_auroc=0.5474 | val_mrr=0.4584 | val_hit@3=0.5656 | val_mcc=0.0790
Epoch 005/8 | loss=0.7406 | val_auroc=0.5761 | val_mrr=0.4777 | val_hit@3=0.6009 | val_mcc=0.0897
[BEST] val_mrr -> 0.4777
Epoch 006/8 | loss=0.7519 | val_auroc=0.5567 | val_mrr=0.4724 | val_hit@3=0.5626 | val_mcc=0.0825
Epoch 007/8 | loss=0.7447 | val_auroc=0.5830 | val_mrr=0.4830 | val_hit@3=0.6159 | val_mcc=0.0912
[BEST] val_mrr -> 0.4830
Epoch 008/8 | loss=0.7235 | val_auroc=0.5857 | val_mrr=0.4936 | val_hit@3=0.6174 | val_mcc=0.0983
[BEST] val_mrr -> 0.4936
Training complete. Outputs: /Users/atakanemre/PeptidQuantum/outputs/training/ablation_mlx_mlp_m_f2_l2_c0_smoke
MLX training config | train=24996 val=7998 test=7998 | epochs=8 patience=4 min_epochs_before_early_stop=8
Candidate integrity | train=4166/4166 val=1333/1333 test=1333/1333
Epoch 001/8 | loss=0.8008 | val_auroc=0.5003 | val_mrr=0.4041 | val_hit@3=0.4921 | val_mcc=0.0206
[BEST] val_mrr -> 0.4041
Epoch 002/8 | loss=0.7798 | val_auroc=0.5070 | val_mrr=0.4157 | val_hit@3=0.5154 | val_mcc=0.0313
[BEST] val_mrr -> 0.4157
Epoch 003/8 | loss=0.7721 | val_auroc=0.5544 | val_mrr=0.4599 | val_hit@3=0.5761 | val_mcc=0.0700
[BEST] val_mrr -> 0.4599
Epoch 004/8 | loss=0.7629 | val_auroc=0.5607 | val_mrr=0.4639 | val_hit@3=0.5664 | val_mcc=0.0882
[BEST] val_mrr -> 0.4639
Epoch 005/8 | loss=0.7483 | val_auroc=0.5746 | val_mrr=0.4793 | val_hit@3=0.6122 | val_mcc=0.0960
[BEST] val_mrr -> 0.4793
Epoch 006/8 | loss=0.7526 | val_auroc=0.5727 | val_mrr=0.4712 | val_hit@3=0.6009 | val_mcc=0.0842
Epoch 007/8 | loss=0.7612 | val_auroc=0.5775 | val_mrr=0.4887 | val_hit@3=0.6167 | val_mcc=0.0841
[BEST] val_mrr -> 0.4887
Epoch 008/8 | loss=0.7305 | val_auroc=0.5889 | val_mrr=0.4863 | val_hit@3=0.6167 | val_mcc=0.0982
Training complete. Outputs: /Users/atakanemre/PeptidQuantum/outputs/training/ablation_mlx_mlp_m_f2_l2_c1_smoke
MLX training config | train=24996 val=7998 test=7998 | epochs=8 patience=4 min_epochs_before_early_stop=0
Candidate integrity | train=4166/4166 val=1333/1333 test=1333/1333
Epoch 001/8 | loss=1.1603 | val_auroc=0.5481 | val_mrr=0.4627 | val_hit@3=0.5709 | val_mcc=0.0653
[BEST] val_mrr -> 0.4627
Epoch 002/8 | loss=1.1302 | val_auroc=0.5947 | val_mrr=0.4851 | val_hit@3=0.6294 | val_mcc=0.1113
[BEST] val_mrr -> 0.4851
Epoch 003/8 | loss=1.0967 | val_auroc=0.6247 | val_mrr=0.5052 | val_hit@3=0.6452 | val_mcc=0.1413
[BEST] val_mrr -> 0.5052
Epoch 004/8 | loss=1.0483 | val_auroc=0.6483 | val_mrr=0.5252 | val_hit@3=0.6714 | val_mcc=0.1651
[BEST] val_mrr -> 0.5252
Epoch 005/8 | loss=1.0041 | val_auroc=0.6653 | val_mrr=0.5407 | val_hit@3=0.7074 | val_mcc=0.1757
[BEST] val_mrr -> 0.5407
Epoch 006/8 | loss=0.9638 | val_auroc=0.6613 | val_mrr=0.5379 | val_hit@3=0.6902 | val_mcc=0.1763
Epoch 007/8 | loss=0.9281 | val_auroc=0.6858 | val_mrr=0.5689 | val_hit@3=0.7209 | val_mcc=0.2032
[BEST] val_mrr -> 0.5689
Epoch 008/8 | loss=0.8788 | val_auroc=0.6768 | val_mrr=0.5525 | val_hit@3=0.7172 | val_mcc=0.1927
Training complete. Outputs: /Users/atakanemre/PeptidQuantum/outputs/training/ablation_mlx_mlp_l_f1_l1_c0_smoke
MLX training config | train=24996 val=7998 test=7998 | epochs=8 patience=4 min_epochs_before_early_stop=0
Candidate integrity | train=4166/4166 val=1333/1333 test=1333/1333
Epoch 001/8 | loss=0.8083 | val_auroc=0.5012 | val_mrr=0.4185 | val_hit@3=0.4959 | val_mcc=0.0144
[BEST] val_mrr -> 0.4185
Epoch 002/8 | loss=0.7822 | val_auroc=0.5111 | val_mrr=0.4311 | val_hit@3=0.5386 | val_mcc=0.0379
[BEST] val_mrr -> 0.4311
Epoch 003/8 | loss=0.7819 | val_auroc=0.5440 | val_mrr=0.4496 | val_hit@3=0.5671 | val_mcc=0.0558
[BEST] val_mrr -> 0.4496
Epoch 004/8 | loss=0.7664 | val_auroc=0.5066 | val_mrr=0.4254 | val_hit@3=0.5229 | val_mcc=0.0478
Epoch 005/8 | loss=0.7659 | val_auroc=0.5364 | val_mrr=0.4583 | val_hit@3=0.5596 | val_mcc=0.0778
[BEST] val_mrr -> 0.4583
Epoch 006/8 | loss=0.7692 | val_auroc=0.5432 | val_mrr=0.4651 | val_hit@3=0.5724 | val_mcc=0.0718
[BEST] val_mrr -> 0.4651
Epoch 007/8 | loss=0.7575 | val_auroc=0.5427 | val_mrr=0.4514 | val_hit@3=0.5454 | val_mcc=0.0928
Epoch 008/8 | loss=0.7471 | val_auroc=0.5512 | val_mrr=0.4593 | val_hit@3=0.5679 | val_mcc=0.0858
Training complete. Outputs: /Users/atakanemre/PeptidQuantum/outputs/training/ablation_mlx_mlp_l_f1_l2_c0_smoke
MLX training config | train=24996 val=7998 test=7998 | epochs=8 patience=4 min_epochs_before_early_stop=0
Candidate integrity | train=4166/4166 val=1333/1333 test=1333/1333
Epoch 001/8 | loss=0.8399 | val_auroc=0.4972 | val_mrr=0.4184 | val_hit@3=0.5124 | val_mcc=0.0176
[BEST] val_mrr -> 0.4184
Epoch 002/8 | loss=0.7763 | val_auroc=0.5327 | val_mrr=0.4432 | val_hit@3=0.5596 | val_mcc=0.0390
[BEST] val_mrr -> 0.4432
Epoch 003/8 | loss=0.7658 | val_auroc=0.5304 | val_mrr=0.4354 | val_hit@3=0.5454 | val_mcc=0.0409
Epoch 004/8 | loss=0.7669 | val_auroc=0.5132 | val_mrr=0.4166 | val_hit@3=0.5019 | val_mcc=0.0329
Epoch 005/8 | loss=0.7690 | val_auroc=0.5402 | val_mrr=0.4467 | val_hit@3=0.5596 | val_mcc=0.0455
[BEST] val_mrr -> 0.4467
Epoch 006/8 | loss=0.7641 | val_auroc=0.5455 | val_mrr=0.4548 | val_hit@3=0.5589 | val_mcc=0.0587
[BEST] val_mrr -> 0.4548
Epoch 007/8 | loss=0.7783 | val_auroc=0.5384 | val_mrr=0.4531 | val_hit@3=0.5656 | val_mcc=0.0527
Epoch 008/8 | loss=0.7562 | val_auroc=0.5154 | val_mrr=0.4243 | val_hit@3=0.5259 | val_mcc=0.0296
Training complete. Outputs: /Users/atakanemre/PeptidQuantum/outputs/training/ablation_mlx_mlp_l_f2_l2_c0_smoke
MLX training config | train=24996 val=7998 test=7998 | epochs=8 patience=4 min_epochs_before_early_stop=8
Candidate integrity | train=4166/4166 val=1333/1333 test=1333/1333
Epoch 001/8 | loss=0.8195 | val_auroc=0.4980 | val_mrr=0.4198 | val_hit@3=0.4929 | val_mcc=0.0364
[BEST] val_mrr -> 0.4198
Epoch 002/8 | loss=0.7800 | val_auroc=0.5078 | val_mrr=0.4195 | val_hit@3=0.5019 | val_mcc=0.0618
Epoch 003/8 | loss=0.7718 | val_auroc=0.5173 | val_mrr=0.4250 | val_hit@3=0.5296 | val_mcc=0.0433
[BEST] val_mrr -> 0.4250
Epoch 004/8 | loss=0.7786 | val_auroc=0.5169 | val_mrr=0.4271 | val_hit@3=0.5251 | val_mcc=0.0419
[BEST] val_mrr -> 0.4271
Epoch 005/8 | loss=0.7630 | val_auroc=0.5119 | val_mrr=0.4343 | val_hit@3=0.5304 | val_mcc=0.0371
[BEST] val_mrr -> 0.4343
Epoch 006/8 | loss=0.7741 | val_auroc=0.4908 | val_mrr=0.4060 | val_hit@3=0.4899 | val_mcc=0.0275
Epoch 007/8 | loss=0.7826 | val_auroc=0.5193 | val_mrr=0.4234 | val_hit@3=0.5161 | val_mcc=0.0254
Epoch 008/8 | loss=0.7796 | val_auroc=0.4799 | val_mrr=0.3954 | val_hit@3=0.4801 | val_mcc=0.0137
Training complete. Outputs: /Users/atakanemre/PeptidQuantum/outputs/training/ablation_mlx_mlp_l_f2_l2_c1_smoke
MLX training config | train=117738 val=25728 test=24924 | epochs=200 patience=20 min_epochs_before_early_stop=0
Candidate integrity | train=19623/19623 val=4288/4288 test=4154/4154
Epoch 001/200 | loss=1.1117 | val_auroc=0.6656 | val_mrr=0.5505 | val_hit@3=0.6898 | val_mcc=0.1763
[BEST] val_mrr -> 0.5505
Epoch 002/200 | loss=1.0066 | val_auroc=0.7132 | val_mrr=0.6003 | val_hit@3=0.7381 | val_mcc=0.2311
[BEST] val_mrr -> 0.6003
Epoch 003/200 | loss=0.9248 | val_auroc=0.7368 | val_mrr=0.6180 | val_hit@3=0.7717 | val_mcc=0.2641
[BEST] val_mrr -> 0.6180
Epoch 004/200 | loss=0.8496 | val_auroc=0.7581 | val_mrr=0.6406 | val_hit@3=0.7887 | val_mcc=0.2856
[BEST] val_mrr -> 0.6406
Epoch 005/200 | loss=0.7908 | val_auroc=0.7650 | val_mrr=0.6486 | val_hit@3=0.7957 | val_mcc=0.2998
[BEST] val_mrr -> 0.6486
Epoch 006/200 | loss=0.7366 | val_auroc=0.7737 | val_mrr=0.6538 | val_hit@3=0.7957 | val_mcc=0.3064
[BEST] val_mrr -> 0.6538
Epoch 007/200 | loss=0.6983 | val_auroc=0.7783 | val_mrr=0.6625 | val_hit@3=0.8020 | val_mcc=0.3197
[BEST] val_mrr -> 0.6625
Epoch 008/200 | loss=0.6683 | val_auroc=0.7735 | val_mrr=0.6554 | val_hit@3=0.7983 | val_mcc=0.3138
Epoch 009/200 | loss=0.6392 | val_auroc=0.7792 | val_mrr=0.6621 | val_hit@3=0.8074 | val_mcc=0.3242
Epoch 010/200 | loss=0.6168 | val_auroc=0.7870 | val_mrr=0.6698 | val_hit@3=0.8067 | val_mcc=0.3420
[BEST] val_mrr -> 0.6698
Epoch 011/200 | loss=0.6007 | val_auroc=0.7881 | val_mrr=0.6809 | val_hit@3=0.8106 | val_mcc=0.3442
[BEST] val_mrr -> 0.6809
Epoch 012/200 | loss=0.5862 | val_auroc=0.7851 | val_mrr=0.6794 | val_hit@3=0.8022 | val_mcc=0.3389
Epoch 013/200 | loss=0.5735 | val_auroc=0.7850 | val_mrr=0.6719 | val_hit@3=0.8092 | val_mcc=0.3417
Epoch 014/200 | loss=0.5623 | val_auroc=0.7872 | val_mrr=0.6777 | val_hit@3=0.8062 | val_mcc=0.3485
Epoch 015/200 | loss=0.5534 | val_auroc=0.7861 | val_mrr=0.6818 | val_hit@3=0.8113 | val_mcc=0.3406
[BEST] val_mrr -> 0.6818
Epoch 016/200 | loss=0.5424 | val_auroc=0.7855 | val_mrr=0.6755 | val_hit@3=0.8099 | val_mcc=0.3442
Epoch 017/200 | loss=0.5365 | val_auroc=0.7855 | val_mrr=0.6779 | val_hit@3=0.8106 | val_mcc=0.3452
Epoch 018/200 | loss=0.5289 | val_auroc=0.7854 | val_mrr=0.6794 | val_hit@3=0.8071 | val_mcc=0.3398
Epoch 019/200 | loss=0.5267 | val_auroc=0.7869 | val_mrr=0.6804 | val_hit@3=0.8076 | val_mcc=0.3435
Epoch 020/200 | loss=0.5258 | val_auroc=0.7796 | val_mrr=0.6722 | val_hit@3=0.8006 | val_mcc=0.3386
Epoch 021/200 | loss=0.5152 | val_auroc=0.7882 | val_mrr=0.6823 | val_hit@3=0.8085 | val_mcc=0.3545
[BEST] val_mrr -> 0.6823
Epoch 022/200 | loss=0.5093 | val_auroc=0.7913 | val_mrr=0.6845 | val_hit@3=0.8123 | val_mcc=0.3624
[BEST] val_mrr -> 0.6845
Epoch 023/200 | loss=0.5086 | val_auroc=0.7908 | val_mrr=0.6830 | val_hit@3=0.8095 | val_mcc=0.3524
Epoch 024/200 | loss=0.5034 | val_auroc=0.7861 | val_mrr=0.6786 | val_hit@3=0.8090 | val_mcc=0.3475
Epoch 025/200 | loss=0.5033 | val_auroc=0.7864 | val_mrr=0.6807 | val_hit@3=0.8060 | val_mcc=0.3496
Epoch 026/200 | loss=0.5028 | val_auroc=0.7887 | val_mrr=0.6841 | val_hit@3=0.8102 | val_mcc=0.3535
Epoch 027/200 | loss=0.4979 | val_auroc=0.7857 | val_mrr=0.6826 | val_hit@3=0.8158 | val_mcc=0.3522
Epoch 028/200 | loss=0.4956 | val_auroc=0.7897 | val_mrr=0.6820 | val_hit@3=0.8078 | val_mcc=0.3526
Epoch 029/200 | loss=0.4912 | val_auroc=0.7894 | val_mrr=0.6857 | val_hit@3=0.8116 | val_mcc=0.3508
[BEST] val_mrr -> 0.6857
Epoch 030/200 | loss=0.4902 | val_auroc=0.7845 | val_mrr=0.6807 | val_hit@3=0.8057 | val_mcc=0.3442
Epoch 031/200 | loss=0.4893 | val_auroc=0.7902 | val_mrr=0.6897 | val_hit@3=0.8116 | val_mcc=0.3508
[BEST] val_mrr -> 0.6897
Epoch 032/200 | loss=0.4901 | val_auroc=0.7852 | val_mrr=0.6811 | val_hit@3=0.8069 | val_mcc=0.3481
Epoch 033/200 | loss=0.4911 | val_auroc=0.7862 | val_mrr=0.6827 | val_hit@3=0.8055 | val_mcc=0.3599
Epoch 034/200 | loss=0.4870 | val_auroc=0.7887 | val_mrr=0.6867 | val_hit@3=0.8111 | val_mcc=0.3649
Epoch 035/200 | loss=0.4788 | val_auroc=0.7853 | val_mrr=0.6838 | val_hit@3=0.8081 | val_mcc=0.3566
Epoch 036/200 | loss=0.4728 | val_auroc=0.7869 | val_mrr=0.6857 | val_hit@3=0.8060 | val_mcc=0.3549
Epoch 037/200 | loss=0.4814 | val_auroc=0.7882 | val_mrr=0.6889 | val_hit@3=0.8099 | val_mcc=0.3542
Epoch 038/200 | loss=0.4879 | val_auroc=0.7889 | val_mrr=0.6894 | val_hit@3=0.8111 | val_mcc=0.3633
Epoch 039/200 | loss=0.4845 | val_auroc=0.7900 | val_mrr=0.6886 | val_hit@3=0.8118 | val_mcc=0.3542
Epoch 040/200 | loss=0.4750 | val_auroc=0.7946 | val_mrr=0.6903 | val_hit@3=0.8148 | val_mcc=0.3664
[BEST] val_mrr -> 0.6903
Epoch 041/200 | loss=0.4799 | val_auroc=0.7891 | val_mrr=0.6898 | val_hit@3=0.8099 | val_mcc=0.3624
Epoch 042/200 | loss=0.4779 | val_auroc=0.7920 | val_mrr=0.6911 | val_hit@3=0.8106 | val_mcc=0.3653
[BEST] val_mrr -> 0.6911
Epoch 043/200 | loss=0.4767 | val_auroc=0.7936 | val_mrr=0.6928 | val_hit@3=0.8078 | val_mcc=0.3701
[BEST] val_mrr -> 0.6928
Epoch 044/200 | loss=0.4702 | val_auroc=0.7900 | val_mrr=0.6907 | val_hit@3=0.8130 | val_mcc=0.3643
Epoch 045/200 | loss=0.4651 | val_auroc=0.7881 | val_mrr=0.6908 | val_hit@3=0.8064 | val_mcc=0.3543
Epoch 046/200 | loss=0.4713 | val_auroc=0.7880 | val_mrr=0.6887 | val_hit@3=0.8057 | val_mcc=0.3600
Epoch 047/200 | loss=0.4772 | val_auroc=0.7857 | val_mrr=0.6860 | val_hit@3=0.8069 | val_mcc=0.3530
Epoch 048/200 | loss=0.4754 | val_auroc=0.7893 | val_mrr=0.6885 | val_hit@3=0.8053 | val_mcc=0.3597
Epoch 049/200 | loss=0.4715 | val_auroc=0.7907 | val_mrr=0.6923 | val_hit@3=0.8097 | val_mcc=0.3591
Epoch 050/200 | loss=0.4645 | val_auroc=0.7865 | val_mrr=0.6933 | val_hit@3=0.8083 | val_mcc=0.3547
[BEST] val_mrr -> 0.6933
Epoch 051/200 | loss=0.4623 | val_auroc=0.7835 | val_mrr=0.6858 | val_hit@3=0.8090 | val_mcc=0.3461
Epoch 052/200 | loss=0.4683 | val_auroc=0.7858 | val_mrr=0.6880 | val_hit@3=0.8085 | val_mcc=0.3514
Epoch 053/200 | loss=0.4715 | val_auroc=0.7897 | val_mrr=0.6904 | val_hit@3=0.8039 | val_mcc=0.3573
Epoch 054/200 | loss=0.4720 | val_auroc=0.7875 | val_mrr=0.6860 | val_hit@3=0.8127 | val_mcc=0.3543
Epoch 055/200 | loss=0.4657 | val_auroc=0.7888 | val_mrr=0.6899 | val_hit@3=0.8074 | val_mcc=0.3547
Epoch 056/200 | loss=0.4656 | val_auroc=0.7859 | val_mrr=0.6823 | val_hit@3=0.8036 | val_mcc=0.3540
Epoch 057/200 | loss=0.4717 | val_auroc=0.7861 | val_mrr=0.6881 | val_hit@3=0.8081 | val_mcc=0.3504
Epoch 058/200 | loss=0.4573 | val_auroc=0.7929 | val_mrr=0.6921 | val_hit@3=0.8106 | val_mcc=0.3667
Epoch 059/200 | loss=0.4599 | val_auroc=0.7944 | val_mrr=0.6951 | val_hit@3=0.8132 | val_mcc=0.3618
[BEST] val_mrr -> 0.6951
Epoch 060/200 | loss=0.4646 | val_auroc=0.7901 | val_mrr=0.6906 | val_hit@3=0.8097 | val_mcc=0.3550
Epoch 061/200 | loss=0.4669 | val_auroc=0.7862 | val_mrr=0.6821 | val_hit@3=0.8134 | val_mcc=0.3463
Epoch 062/200 | loss=0.4671 | val_auroc=0.7858 | val_mrr=0.6894 | val_hit@3=0.8095 | val_mcc=0.3527
Epoch 063/200 | loss=0.4614 | val_auroc=0.7927 | val_mrr=0.6951 | val_hit@3=0.8132 | val_mcc=0.3627
Epoch 064/200 | loss=0.4604 | val_auroc=0.7863 | val_mrr=0.6893 | val_hit@3=0.8172 | val_mcc=0.3520
Epoch 065/200 | loss=0.4635 | val_auroc=0.7871 | val_mrr=0.6949 | val_hit@3=0.8109 | val_mcc=0.3632
Epoch 066/200 | loss=0.4618 | val_auroc=0.7897 | val_mrr=0.6948 | val_hit@3=0.8111 | val_mcc=0.3602
Epoch 067/200 | loss=0.4591 | val_auroc=0.7903 | val_mrr=0.6927 | val_hit@3=0.8106 | val_mcc=0.3576
Epoch 068/200 | loss=0.4561 | val_auroc=0.7911 | val_mrr=0.6940 | val_hit@3=0.8092 | val_mcc=0.3617
Epoch 069/200 | loss=0.4559 | val_auroc=0.7886 | val_mrr=0.6891 | val_hit@3=0.8141 | val_mcc=0.3554
Epoch 070/200 | loss=0.4604 | val_auroc=0.7877 | val_mrr=0.6886 | val_hit@3=0.8097 | val_mcc=0.3528
Epoch 071/200 | loss=0.4559 | val_auroc=0.7918 | val_mrr=0.6935 | val_hit@3=0.8176 | val_mcc=0.3569
Epoch 072/200 | loss=0.4563 | val_auroc=0.7884 | val_mrr=0.6903 | val_hit@3=0.8083 | val_mcc=0.3574
Epoch 073/200 | loss=0.4609 | val_auroc=0.7837 | val_mrr=0.6865 | val_hit@3=0.8025 | val_mcc=0.3478
Epoch 074/200 | loss=0.4643 | val_auroc=0.7894 | val_mrr=0.6892 | val_hit@3=0.8088 | val_mcc=0.3640
Epoch 075/200 | loss=0.4607 | val_auroc=0.7886 | val_mrr=0.6929 | val_hit@3=0.8176 | val_mcc=0.3568
Epoch 076/200 | loss=0.4554 | val_auroc=0.7898 | val_mrr=0.6922 | val_hit@3=0.8153 | val_mcc=0.3555
Epoch 077/200 | loss=0.4510 | val_auroc=0.7896 | val_mrr=0.6955 | val_hit@3=0.8151 | val_mcc=0.3576
[BEST] val_mrr -> 0.6955
Epoch 078/200 | loss=0.4540 | val_auroc=0.7886 | val_mrr=0.6905 | val_hit@3=0.8106 | val_mcc=0.3522
Epoch 079/200 | loss=0.4589 | val_auroc=0.7871 | val_mrr=0.6923 | val_hit@3=0.8120 | val_mcc=0.3568
Epoch 080/200 | loss=0.4558 | val_auroc=0.7905 | val_mrr=0.6928 | val_hit@3=0.8090 | val_mcc=0.3604
Epoch 081/200 | loss=0.4568 | val_auroc=0.7896 | val_mrr=0.6844 | val_hit@3=0.8055 | val_mcc=0.3632
Epoch 082/200 | loss=0.4526 | val_auroc=0.7919 | val_mrr=0.6850 | val_hit@3=0.8099 | val_mcc=0.3652
Epoch 083/200 | loss=0.4531 | val_auroc=0.7907 | val_mrr=0.6825 | val_hit@3=0.8106 | val_mcc=0.3565
Epoch 084/200 | loss=0.4538 | val_auroc=0.7891 | val_mrr=0.6878 | val_hit@3=0.8076 | val_mcc=0.3609
Epoch 085/200 | loss=0.4518 | val_auroc=0.7891 | val_mrr=0.6907 | val_hit@3=0.8071 | val_mcc=0.3571
Epoch 086/200 | loss=0.4547 | val_auroc=0.7911 | val_mrr=0.6892 | val_hit@3=0.8158 | val_mcc=0.3565
Epoch 087/200 | loss=0.4541 | val_auroc=0.7850 | val_mrr=0.6858 | val_hit@3=0.8062 | val_mcc=0.3513
Epoch 088/200 | loss=0.4600 | val_auroc=0.7869 | val_mrr=0.6859 | val_hit@3=0.8116 | val_mcc=0.3514
Epoch 089/200 | loss=0.4578 | val_auroc=0.7893 | val_mrr=0.6929 | val_hit@3=0.8123 | val_mcc=0.3561
Epoch 090/200 | loss=0.4542 | val_auroc=0.7926 | val_mrr=0.6927 | val_hit@3=0.8146 | val_mcc=0.3593
Epoch 091/200 | loss=0.4537 | val_auroc=0.7909 | val_mrr=0.6894 | val_hit@3=0.8097 | val_mcc=0.3605
Epoch 092/200 | loss=0.4578 | val_auroc=0.7897 | val_mrr=0.6898 | val_hit@3=0.8162 | val_mcc=0.3566
Epoch 093/200 | loss=0.4508 | val_auroc=0.7917 | val_mrr=0.6955 | val_hit@3=0.8120 | val_mcc=0.3604
Epoch 094/200 | loss=0.4473 | val_auroc=0.7915 | val_mrr=0.6986 | val_hit@3=0.8209 | val_mcc=0.3556
[BEST] val_mrr -> 0.6986
Epoch 095/200 | loss=0.4507 | val_auroc=0.7884 | val_mrr=0.6948 | val_hit@3=0.8134 | val_mcc=0.3536
Epoch 096/200 | loss=0.4531 | val_auroc=0.7888 | val_mrr=0.6989 | val_hit@3=0.8183 | val_mcc=0.3532
[BEST] val_mrr -> 0.6989
Epoch 097/200 | loss=0.4509 | val_auroc=0.7895 | val_mrr=0.6988 | val_hit@3=0.8081 | val_mcc=0.3573
Epoch 098/200 | loss=0.4513 | val_auroc=0.7902 | val_mrr=0.6998 | val_hit@3=0.8176 | val_mcc=0.3592
[BEST] val_mrr -> 0.6998
Epoch 099/200 | loss=0.4488 | val_auroc=0.7865 | val_mrr=0.6914 | val_hit@3=0.8176 | val_mcc=0.3539
Epoch 100/200 | loss=0.4474 | val_auroc=0.7893 | val_mrr=0.6896 | val_hit@3=0.8148 | val_mcc=0.3563
Epoch 101/200 | loss=0.4440 | val_auroc=0.7870 | val_mrr=0.6939 | val_hit@3=0.8104 | val_mcc=0.3582
Epoch 102/200 | loss=0.4516 | val_auroc=0.7893 | val_mrr=0.6901 | val_hit@3=0.8153 | val_mcc=0.3520
Epoch 103/200 | loss=0.4623 | val_auroc=0.7885 | val_mrr=0.6884 | val_hit@3=0.8092 | val_mcc=0.3545
Epoch 104/200 | loss=0.4540 | val_auroc=0.7885 | val_mrr=0.6917 | val_hit@3=0.8055 | val_mcc=0.3538
Epoch 105/200 | loss=0.4515 | val_auroc=0.7880 | val_mrr=0.6904 | val_hit@3=0.8067 | val_mcc=0.3568
Epoch 106/200 | loss=0.4475 | val_auroc=0.7900 | val_mrr=0.6922 | val_hit@3=0.8095 | val_mcc=0.3563
Epoch 107/200 | loss=0.4458 | val_auroc=0.7878 | val_mrr=0.6876 | val_hit@3=0.8064 | val_mcc=0.3538
Epoch 108/200 | loss=0.4448 | val_auroc=0.7887 | val_mrr=0.6842 | val_hit@3=0.8064 | val_mcc=0.3536
Epoch 109/200 | loss=0.4511 | val_auroc=0.7862 | val_mrr=0.6878 | val_hit@3=0.8088 | val_mcc=0.3481
Epoch 110/200 | loss=0.4504 | val_auroc=0.7900 | val_mrr=0.6949 | val_hit@3=0.8151 | val_mcc=0.3569
Epoch 111/200 | loss=0.4505 | val_auroc=0.7869 | val_mrr=0.6876 | val_hit@3=0.8048 | val_mcc=0.3532
Epoch 112/200 | loss=0.4554 | val_auroc=0.7919 | val_mrr=0.6899 | val_hit@3=0.8153 | val_mcc=0.3586
Epoch 113/200 | loss=0.4495 | val_auroc=0.7849 | val_mrr=0.6849 | val_hit@3=0.8064 | val_mcc=0.3550
Epoch 114/200 | loss=0.4497 | val_auroc=0.7909 | val_mrr=0.6919 | val_hit@3=0.8160 | val_mcc=0.3586
Epoch 115/200 | loss=0.4447 | val_auroc=0.7934 | val_mrr=0.6919 | val_hit@3=0.8127 | val_mcc=0.3626
Epoch 116/200 | loss=0.4451 | val_auroc=0.7914 | val_mrr=0.6920 | val_hit@3=0.8097 | val_mcc=0.3582
Epoch 117/200 | loss=0.4504 | val_auroc=0.7866 | val_mrr=0.6909 | val_hit@3=0.8116 | val_mcc=0.3535
Epoch 118/200 | loss=0.4530 | val_auroc=0.7907 | val_mrr=0.6970 | val_hit@3=0.8144 | val_mcc=0.3609
Early stopping at epoch 118 (patience=20)
Training complete. Outputs: /Users/atakanemre/PeptidQuantum/outputs/training/ablation_mlx_mlp_l_f1_l1_c0_full
MLX training config | train=117738 val=25728 test=24924 | epochs=200 patience=20 min_epochs_before_early_stop=0
Candidate integrity | train=19623/19623 val=4288/4288 test=4154/4154
Epoch 001/200 | loss=1.1089 | val_auroc=0.6632 | val_mrr=0.5481 | val_hit@3=0.6891 | val_mcc=0.1730
[BEST] val_mrr -> 0.5481
Epoch 002/200 | loss=1.0182 | val_auroc=0.7048 | val_mrr=0.5917 | val_hit@3=0.7295 | val_mcc=0.2133
[BEST] val_mrr -> 0.5917
Epoch 003/200 | loss=0.9461 | val_auroc=0.7264 | val_mrr=0.6100 | val_hit@3=0.7533 | val_mcc=0.2447
[BEST] val_mrr -> 0.6100
Epoch 004/200 | loss=0.8855 | val_auroc=0.7455 | val_mrr=0.6301 | val_hit@3=0.7806 | val_mcc=0.2667
[BEST] val_mrr -> 0.6301
Epoch 005/200 | loss=0.8337 | val_auroc=0.7581 | val_mrr=0.6438 | val_hit@3=0.7901 | val_mcc=0.2880
[BEST] val_mrr -> 0.6438
Epoch 006/200 | loss=0.7908 | val_auroc=0.7697 | val_mrr=0.6564 | val_hit@3=0.7992 | val_mcc=0.3069
[BEST] val_mrr -> 0.6564
Epoch 007/200 | loss=0.7567 | val_auroc=0.7745 | val_mrr=0.6615 | val_hit@3=0.8067 | val_mcc=0.3055
[BEST] val_mrr -> 0.6615
Epoch 008/200 | loss=0.7239 | val_auroc=0.7718 | val_mrr=0.6602 | val_hit@3=0.8022 | val_mcc=0.3061
Epoch 009/200 | loss=0.6951 | val_auroc=0.7856 | val_mrr=0.6748 | val_hit@3=0.8095 | val_mcc=0.3320
[BEST] val_mrr -> 0.6748
Epoch 010/200 | loss=0.6726 | val_auroc=0.7841 | val_mrr=0.6766 | val_hit@3=0.8125 | val_mcc=0.3287
[BEST] val_mrr -> 0.6766
Epoch 011/200 | loss=0.6523 | val_auroc=0.7875 | val_mrr=0.6787 | val_hit@3=0.8111 | val_mcc=0.3319
[BEST] val_mrr -> 0.6787
Epoch 012/200 | loss=0.6335 | val_auroc=0.7875 | val_mrr=0.6819 | val_hit@3=0.8139 | val_mcc=0.3321
[BEST] val_mrr -> 0.6819
Epoch 013/200 | loss=0.6210 | val_auroc=0.7932 | val_mrr=0.6818 | val_hit@3=0.8144 | val_mcc=0.3445
Epoch 014/200 | loss=0.6083 | val_auroc=0.7874 | val_mrr=0.6840 | val_hit@3=0.8181 | val_mcc=0.3339
[BEST] val_mrr -> 0.6840
Epoch 015/200 | loss=0.5951 | val_auroc=0.7932 | val_mrr=0.6864 | val_hit@3=0.8153 | val_mcc=0.3413
[BEST] val_mrr -> 0.6864
Epoch 016/200 | loss=0.5843 | val_auroc=0.7878 | val_mrr=0.6801 | val_hit@3=0.8172 | val_mcc=0.3342
Epoch 017/200 | loss=0.5765 | val_auroc=0.7901 | val_mrr=0.6838 | val_hit@3=0.8181 | val_mcc=0.3407
Epoch 018/200 | loss=0.5649 | val_auroc=0.7853 | val_mrr=0.6777 | val_hit@3=0.8172 | val_mcc=0.3305
Epoch 019/200 | loss=0.5589 | val_auroc=0.7882 | val_mrr=0.6850 | val_hit@3=0.8165 | val_mcc=0.3443
Epoch 020/200 | loss=0.5511 | val_auroc=0.7940 | val_mrr=0.6863 | val_hit@3=0.8190 | val_mcc=0.3575
Epoch 021/200 | loss=0.5468 | val_auroc=0.7883 | val_mrr=0.6833 | val_hit@3=0.8218 | val_mcc=0.3405
Epoch 022/200 | loss=0.5425 | val_auroc=0.7943 | val_mrr=0.6861 | val_hit@3=0.8169 | val_mcc=0.3529
Epoch 023/200 | loss=0.5380 | val_auroc=0.7911 | val_mrr=0.6823 | val_hit@3=0.8120 | val_mcc=0.3515
Epoch 024/200 | loss=0.5337 | val_auroc=0.7953 | val_mrr=0.6866 | val_hit@3=0.8188 | val_mcc=0.3604
[BEST] val_mrr -> 0.6866
Epoch 025/200 | loss=0.5286 | val_auroc=0.7883 | val_mrr=0.6850 | val_hit@3=0.8118 | val_mcc=0.3439
Epoch 026/200 | loss=0.5237 | val_auroc=0.7897 | val_mrr=0.6815 | val_hit@3=0.8111 | val_mcc=0.3522
Epoch 027/200 | loss=0.5185 | val_auroc=0.7919 | val_mrr=0.6882 | val_hit@3=0.8190 | val_mcc=0.3526
[BEST] val_mrr -> 0.6882
Epoch 028/200 | loss=0.5177 | val_auroc=0.7905 | val_mrr=0.6889 | val_hit@3=0.8141 | val_mcc=0.3476
[BEST] val_mrr -> 0.6889
Epoch 029/200 | loss=0.5141 | val_auroc=0.7939 | val_mrr=0.6869 | val_hit@3=0.8130 | val_mcc=0.3554
Epoch 030/200 | loss=0.5108 | val_auroc=0.7905 | val_mrr=0.6877 | val_hit@3=0.8228 | val_mcc=0.3483
Epoch 031/200 | loss=0.5084 | val_auroc=0.7918 | val_mrr=0.6883 | val_hit@3=0.8165 | val_mcc=0.3501
Epoch 032/200 | loss=0.5040 | val_auroc=0.7936 | val_mrr=0.6902 | val_hit@3=0.8179 | val_mcc=0.3596
[BEST] val_mrr -> 0.6902
Epoch 033/200 | loss=0.5048 | val_auroc=0.7879 | val_mrr=0.6856 | val_hit@3=0.8144 | val_mcc=0.3408
Epoch 034/200 | loss=0.5030 | val_auroc=0.7909 | val_mrr=0.6864 | val_hit@3=0.8174 | val_mcc=0.3540
Epoch 035/200 | loss=0.4997 | val_auroc=0.7920 | val_mrr=0.6914 | val_hit@3=0.8186 | val_mcc=0.3585
[BEST] val_mrr -> 0.6914
Epoch 036/200 | loss=0.4993 | val_auroc=0.7881 | val_mrr=0.6841 | val_hit@3=0.8109 | val_mcc=0.3523
Epoch 037/200 | loss=0.4960 | val_auroc=0.7891 | val_mrr=0.6890 | val_hit@3=0.8116 | val_mcc=0.3476
Epoch 038/200 | loss=0.4981 | val_auroc=0.7906 | val_mrr=0.6846 | val_hit@3=0.8130 | val_mcc=0.3545
Epoch 039/200 | loss=0.4932 | val_auroc=0.7917 | val_mrr=0.6905 | val_hit@3=0.8155 | val_mcc=0.3565
Epoch 040/200 | loss=0.4917 | val_auroc=0.7914 | val_mrr=0.6880 | val_hit@3=0.8181 | val_mcc=0.3569
Epoch 041/200 | loss=0.4903 | val_auroc=0.7906 | val_mrr=0.6903 | val_hit@3=0.8172 | val_mcc=0.3520
Epoch 042/200 | loss=0.4921 | val_auroc=0.7904 | val_mrr=0.6930 | val_hit@3=0.8186 | val_mcc=0.3460
[BEST] val_mrr -> 0.6930
Epoch 043/200 | loss=0.4896 | val_auroc=0.7943 | val_mrr=0.6876 | val_hit@3=0.8209 | val_mcc=0.3633
Epoch 044/200 | loss=0.4873 | val_auroc=0.7907 | val_mrr=0.6847 | val_hit@3=0.8151 | val_mcc=0.3481
Epoch 045/200 | loss=0.4824 | val_auroc=0.7948 | val_mrr=0.6925 | val_hit@3=0.8169 | val_mcc=0.3651
Epoch 046/200 | loss=0.4844 | val_auroc=0.7922 | val_mrr=0.6881 | val_hit@3=0.8172 | val_mcc=0.3525
Epoch 047/200 | loss=0.4864 | val_auroc=0.7892 | val_mrr=0.6847 | val_hit@3=0.8123 | val_mcc=0.3508
Epoch 048/200 | loss=0.4800 | val_auroc=0.7906 | val_mrr=0.6878 | val_hit@3=0.8193 | val_mcc=0.3501
Epoch 049/200 | loss=0.4772 | val_auroc=0.7887 | val_mrr=0.6824 | val_hit@3=0.8186 | val_mcc=0.3512
Epoch 050/200 | loss=0.4784 | val_auroc=0.7849 | val_mrr=0.6820 | val_hit@3=0.8130 | val_mcc=0.3457
Epoch 051/200 | loss=0.4788 | val_auroc=0.7907 | val_mrr=0.6869 | val_hit@3=0.8160 | val_mcc=0.3477
Epoch 052/200 | loss=0.4765 | val_auroc=0.7903 | val_mrr=0.6867 | val_hit@3=0.8209 | val_mcc=0.3478
Epoch 053/200 | loss=0.4837 | val_auroc=0.7894 | val_mrr=0.6836 | val_hit@3=0.8092 | val_mcc=0.3517
Epoch 054/200 | loss=0.4813 | val_auroc=0.7879 | val_mrr=0.6837 | val_hit@3=0.8172 | val_mcc=0.3480
Epoch 055/200 | loss=0.4770 | val_auroc=0.7864 | val_mrr=0.6838 | val_hit@3=0.8167 | val_mcc=0.3509
Epoch 056/200 | loss=0.4756 | val_auroc=0.7925 | val_mrr=0.6892 | val_hit@3=0.8197 | val_mcc=0.3608
Epoch 057/200 | loss=0.4734 | val_auroc=0.7880 | val_mrr=0.6852 | val_hit@3=0.8158 | val_mcc=0.3495
Epoch 058/200 | loss=0.4712 | val_auroc=0.7879 | val_mrr=0.6874 | val_hit@3=0.8162 | val_mcc=0.3492
Epoch 059/200 | loss=0.4713 | val_auroc=0.7908 | val_mrr=0.6867 | val_hit@3=0.8125 | val_mcc=0.3532
Epoch 060/200 | loss=0.4732 | val_auroc=0.7866 | val_mrr=0.6840 | val_hit@3=0.8120 | val_mcc=0.3431
Epoch 061/200 | loss=0.4752 | val_auroc=0.7888 | val_mrr=0.6818 | val_hit@3=0.8158 | val_mcc=0.3476
Epoch 062/200 | loss=0.4722 | val_auroc=0.7926 | val_mrr=0.6875 | val_hit@3=0.8141 | val_mcc=0.3564
Early stopping at epoch 62 (patience=20)
Training complete. Outputs: /Users/atakanemre/PeptidQuantum/outputs/training/ablation_mlx_mlp_m_f1_l1_c0_full
MLX training config | train=117738 val=25728 test=24924 | epochs=200 patience=20 min_epochs_before_early_stop=0
Candidate integrity | train=19623/19623 val=4288/4288 test=4154/4154
Epoch 001/200 | loss=1.1063 | val_auroc=0.6681 | val_mrr=0.5478 | val_hit@3=0.6875 | val_mcc=0.1729
[BEST] val_mrr -> 0.5478
Epoch 002/200 | loss=1.0299 | val_auroc=0.7012 | val_mrr=0.5857 | val_hit@3=0.7234 | val_mcc=0.2122
[BEST] val_mrr -> 0.5857
Epoch 003/200 | loss=0.9775 | val_auroc=0.7172 | val_mrr=0.6028 | val_hit@3=0.7451 | val_mcc=0.2330
[BEST] val_mrr -> 0.6028
Epoch 004/200 | loss=0.9341 | val_auroc=0.7250 | val_mrr=0.6129 | val_hit@3=0.7572 | val_mcc=0.2499
[BEST] val_mrr -> 0.6129
Epoch 005/200 | loss=0.8961 | val_auroc=0.7371 | val_mrr=0.6248 | val_hit@3=0.7659 | val_mcc=0.2633
[BEST] val_mrr -> 0.6248
Epoch 006/200 | loss=0.8634 | val_auroc=0.7428 | val_mrr=0.6349 | val_hit@3=0.7722 | val_mcc=0.2756
[BEST] val_mrr -> 0.6349
Epoch 007/200 | loss=0.8376 | val_auroc=0.7521 | val_mrr=0.6460 | val_hit@3=0.7854 | val_mcc=0.2841
[BEST] val_mrr -> 0.6460
Epoch 008/200 | loss=0.8105 | val_auroc=0.7521 | val_mrr=0.6437 | val_hit@3=0.7864 | val_mcc=0.2847
Epoch 009/200 | loss=0.7880 | val_auroc=0.7581 | val_mrr=0.6497 | val_hit@3=0.7889 | val_mcc=0.2953
[BEST] val_mrr -> 0.6497
Epoch 010/200 | loss=0.7701 | val_auroc=0.7625 | val_mrr=0.6554 | val_hit@3=0.7901 | val_mcc=0.3065
[BEST] val_mrr -> 0.6554
Epoch 011/200 | loss=0.7517 | val_auroc=0.7648 | val_mrr=0.6609 | val_hit@3=0.7950 | val_mcc=0.3077
[BEST] val_mrr -> 0.6609
Epoch 012/200 | loss=0.7362 | val_auroc=0.7670 | val_mrr=0.6606 | val_hit@3=0.7943 | val_mcc=0.3090
Epoch 013/200 | loss=0.7232 | val_auroc=0.7693 | val_mrr=0.6640 | val_hit@3=0.7987 | val_mcc=0.3181
[BEST] val_mrr -> 0.6640
Epoch 014/200 | loss=0.7109 | val_auroc=0.7730 | val_mrr=0.6637 | val_hit@3=0.7971 | val_mcc=0.3285
Epoch 015/200 | loss=0.6980 | val_auroc=0.7698 | val_mrr=0.6681 | val_hit@3=0.8013 | val_mcc=0.3166
[BEST] val_mrr -> 0.6681
Epoch 016/200 | loss=0.6875 | val_auroc=0.7715 | val_mrr=0.6613 | val_hit@3=0.7959 | val_mcc=0.3175
Epoch 017/200 | loss=0.6773 | val_auroc=0.7732 | val_mrr=0.6690 | val_hit@3=0.8043 | val_mcc=0.3262
[BEST] val_mrr -> 0.6690
Epoch 018/200 | loss=0.6676 | val_auroc=0.7742 | val_mrr=0.6647 | val_hit@3=0.8022 | val_mcc=0.3226
Epoch 019/200 | loss=0.6598 | val_auroc=0.7773 | val_mrr=0.6680 | val_hit@3=0.8109 | val_mcc=0.3243
Epoch 020/200 | loss=0.6530 | val_auroc=0.7750 | val_mrr=0.6678 | val_hit@3=0.8050 | val_mcc=0.3301
Epoch 021/200 | loss=0.6440 | val_auroc=0.7738 | val_mrr=0.6673 | val_hit@3=0.8043 | val_mcc=0.3252
Epoch 022/200 | loss=0.6397 | val_auroc=0.7755 | val_mrr=0.6676 | val_hit@3=0.8027 | val_mcc=0.3303
Epoch 023/200 | loss=0.6324 | val_auroc=0.7789 | val_mrr=0.6733 | val_hit@3=0.8130 | val_mcc=0.3336
[BEST] val_mrr -> 0.6733
Epoch 024/200 | loss=0.6262 | val_auroc=0.7794 | val_mrr=0.6720 | val_hit@3=0.8067 | val_mcc=0.3326
Epoch 025/200 | loss=0.6219 | val_auroc=0.7765 | val_mrr=0.6701 | val_hit@3=0.8036 | val_mcc=0.3249
Epoch 026/200 | loss=0.6159 | val_auroc=0.7774 | val_mrr=0.6696 | val_hit@3=0.8018 | val_mcc=0.3299
Epoch 027/200 | loss=0.6111 | val_auroc=0.7770 | val_mrr=0.6731 | val_hit@3=0.8083 | val_mcc=0.3308
Epoch 028/200 | loss=0.6095 | val_auroc=0.7787 | val_mrr=0.6726 | val_hit@3=0.8057 | val_mcc=0.3303
Epoch 029/200 | loss=0.6029 | val_auroc=0.7777 | val_mrr=0.6698 | val_hit@3=0.8029 | val_mcc=0.3355
Epoch 030/200 | loss=0.5985 | val_auroc=0.7774 | val_mrr=0.6745 | val_hit@3=0.8029 | val_mcc=0.3294
[BEST] val_mrr -> 0.6745
Epoch 031/200 | loss=0.5966 | val_auroc=0.7760 | val_mrr=0.6722 | val_hit@3=0.7994 | val_mcc=0.3275
Epoch 032/200 | loss=0.5899 | val_auroc=0.7790 | val_mrr=0.6761 | val_hit@3=0.8015 | val_mcc=0.3370
[BEST] val_mrr -> 0.6761
Epoch 033/200 | loss=0.5883 | val_auroc=0.7791 | val_mrr=0.6753 | val_hit@3=0.8029 | val_mcc=0.3338
Epoch 034/200 | loss=0.5835 | val_auroc=0.7781 | val_mrr=0.6722 | val_hit@3=0.8041 | val_mcc=0.3298
Epoch 035/200 | loss=0.5823 | val_auroc=0.7795 | val_mrr=0.6746 | val_hit@3=0.8015 | val_mcc=0.3374
Epoch 036/200 | loss=0.5782 | val_auroc=0.7777 | val_mrr=0.6745 | val_hit@3=0.7985 | val_mcc=0.3336
Epoch 037/200 | loss=0.5761 | val_auroc=0.7791 | val_mrr=0.6755 | val_hit@3=0.8064 | val_mcc=0.3399
Epoch 038/200 | loss=0.5754 | val_auroc=0.7806 | val_mrr=0.6760 | val_hit@3=0.8027 | val_mcc=0.3359
Epoch 039/200 | loss=0.5727 | val_auroc=0.7806 | val_mrr=0.6760 | val_hit@3=0.8011 | val_mcc=0.3344
Epoch 040/200 | loss=0.5694 | val_auroc=0.7801 | val_mrr=0.6725 | val_hit@3=0.8015 | val_mcc=0.3369
Epoch 041/200 | loss=0.5653 | val_auroc=0.7790 | val_mrr=0.6761 | val_hit@3=0.8032 | val_mcc=0.3362
Epoch 042/200 | loss=0.5656 | val_auroc=0.7801 | val_mrr=0.6765 | val_hit@3=0.8029 | val_mcc=0.3389
[BEST] val_mrr -> 0.6765
Epoch 043/200 | loss=0.5636 | val_auroc=0.7788 | val_mrr=0.6744 | val_hit@3=0.7987 | val_mcc=0.3352
Epoch 044/200 | loss=0.5602 | val_auroc=0.7785 | val_mrr=0.6747 | val_hit@3=0.8011 | val_mcc=0.3349
Epoch 045/200 | loss=0.5586 | val_auroc=0.7813 | val_mrr=0.6744 | val_hit@3=0.7976 | val_mcc=0.3394
Epoch 046/200 | loss=0.5575 | val_auroc=0.7779 | val_mrr=0.6722 | val_hit@3=0.7966 | val_mcc=0.3372
Epoch 047/200 | loss=0.5565 | val_auroc=0.7797 | val_mrr=0.6750 | val_hit@3=0.7976 | val_mcc=0.3364
Epoch 048/200 | loss=0.5535 | val_auroc=0.7782 | val_mrr=0.6720 | val_hit@3=0.7976 | val_mcc=0.3409
Epoch 049/200 | loss=0.5527 | val_auroc=0.7795 | val_mrr=0.6749 | val_hit@3=0.7990 | val_mcc=0.3378
Epoch 050/200 | loss=0.5515 | val_auroc=0.7800 | val_mrr=0.6747 | val_hit@3=0.7976 | val_mcc=0.3421
Epoch 051/200 | loss=0.5494 | val_auroc=0.7779 | val_mrr=0.6735 | val_hit@3=0.7999 | val_mcc=0.3409
Epoch 052/200 | loss=0.5495 | val_auroc=0.7777 | val_mrr=0.6721 | val_hit@3=0.8020 | val_mcc=0.3332
Epoch 053/200 | loss=0.5475 | val_auroc=0.7791 | val_mrr=0.6734 | val_hit@3=0.8006 | val_mcc=0.3405
Epoch 054/200 | loss=0.5456 | val_auroc=0.7786 | val_mrr=0.6748 | val_hit@3=0.7999 | val_mcc=0.3351
Epoch 055/200 | loss=0.5443 | val_auroc=0.7783 | val_mrr=0.6728 | val_hit@3=0.7992 | val_mcc=0.3351
Epoch 056/200 | loss=0.5423 | val_auroc=0.7792 | val_mrr=0.6726 | val_hit@3=0.8004 | val_mcc=0.3433
Epoch 057/200 | loss=0.5423 | val_auroc=0.7769 | val_mrr=0.6752 | val_hit@3=0.8001 | val_mcc=0.3352
Epoch 058/200 | loss=0.5396 | val_auroc=0.7797 | val_mrr=0.6747 | val_hit@3=0.7997 | val_mcc=0.3455
Epoch 059/200 | loss=0.5407 | val_auroc=0.7783 | val_mrr=0.6747 | val_hit@3=0.8008 | val_mcc=0.3383
Epoch 060/200 | loss=0.5375 | val_auroc=0.7786 | val_mrr=0.6734 | val_hit@3=0.7927 | val_mcc=0.3479
Epoch 061/200 | loss=0.5365 | val_auroc=0.7800 | val_mrr=0.6754 | val_hit@3=0.7971 | val_mcc=0.3449
Epoch 062/200 | loss=0.5375 | val_auroc=0.7768 | val_mrr=0.6725 | val_hit@3=0.7971 | val_mcc=0.3361
Early stopping at epoch 62 (patience=20)
Training complete. Outputs: /Users/atakanemre/PeptidQuantum/outputs/training/ablation_mlx_mlp_s_f1_l1_c0_full
[RUN] 1A6A_A_C -> 1A6A A/C
Contact map saved to /Users/atakanemre/PeptidQuantum/outputs/analysis_propedia_batch_mlx/1A6A_A_C/figures/contact_map.png
Type-specific contact maps saved to /Users/atakanemre/PeptidQuantum/outputs/analysis_propedia_batch_mlx/1A6A_A_C/figures/contact_map_by_type.png
Interaction summary saved to /Users/atakanemre/PeptidQuantum/outputs/analysis_propedia_batch_mlx/1A6A_A_C/figures/interaction_summary.png
2D structure saved to /Users/atakanemre/PeptidQuantum/outputs/analysis_propedia_batch_mlx/1A6A_A_C/figures/peptide_2d.png
3Dmol.js viewer saved to /Users/atakanemre/PeptidQuantum/outputs/analysis_propedia_batch_mlx/1A6A_A_C/viewer.html
HTML report saved to /Users/atakanemre/PeptidQuantum/outputs/analysis_propedia_batch_mlx/1A6A_A_C/report.html
[RUN] 1A6A_B_C -> 1A6A B/C
Contact map saved to /Users/atakanemre/PeptidQuantum/outputs/analysis_propedia_batch_mlx/1A6A_B_C/figures/contact_map.png
Type-specific contact maps saved to /Users/atakanemre/PeptidQuantum/outputs/analysis_propedia_batch_mlx/1A6A_B_C/figures/contact_map_by_type.png
Interaction summary saved to /Users/atakanemre/PeptidQuantum/outputs/analysis_propedia_batch_mlx/1A6A_B_C/figures/interaction_summary.png
2D structure saved to /Users/atakanemre/PeptidQuantum/outputs/analysis_propedia_batch_mlx/1A6A_B_C/figures/peptide_2d.png
3Dmol.js viewer saved to /Users/atakanemre/PeptidQuantum/outputs/analysis_propedia_batch_mlx/1A6A_B_C/viewer.html
HTML report saved to /Users/atakanemre/PeptidQuantum/outputs/analysis_propedia_batch_mlx/1A6A_B_C/report.html
[RUN] 1AB9_B_A -> 1AB9 B/A
Contact map saved to /Users/atakanemre/PeptidQuantum/outputs/analysis_propedia_batch_mlx/1AB9_B_A/figures/contact_map.png
Type-specific contact maps saved to /Users/atakanemre/PeptidQuantum/outputs/analysis_propedia_batch_mlx/1AB9_B_A/figures/contact_map_by_type.png
Interaction summary saved to /Users/atakanemre/PeptidQuantum/outputs/analysis_propedia_batch_mlx/1AB9_B_A/figures/interaction_summary.png
2D structure saved to /Users/atakanemre/PeptidQuantum/outputs/analysis_propedia_batch_mlx/1AB9_B_A/figures/peptide_2d.png
3Dmol.js viewer saved to /Users/atakanemre/PeptidQuantum/outputs/analysis_propedia_batch_mlx/1AB9_B_A/viewer.html
HTML report saved to /Users/atakanemre/PeptidQuantum/outputs/analysis_propedia_batch_mlx/1AB9_B_A/report.html
[RUN] 1AB9_B_D -> 1AB9 B/D
Contact map saved to /Users/atakanemre/PeptidQuantum/outputs/analysis_propedia_batch_mlx/1AB9_B_D/figures/contact_map.png
Type-specific contact maps saved to /Users/atakanemre/PeptidQuantum/outputs/analysis_propedia_batch_mlx/1AB9_B_D/figures/contact_map_by_type.png
Interaction summary saved to /Users/atakanemre/PeptidQuantum/outputs/analysis_propedia_batch_mlx/1AB9_B_D/figures/interaction_summary.png
2D structure saved to /Users/atakanemre/PeptidQuantum/outputs/analysis_propedia_batch_mlx/1AB9_B_D/figures/peptide_2d.png
3Dmol.js viewer saved to /Users/atakanemre/PeptidQuantum/outputs/analysis_propedia_batch_mlx/1AB9_B_D/viewer.html
HTML report saved to /Users/atakanemre/PeptidQuantum/outputs/analysis_propedia_batch_mlx/1AB9_B_D/report.html
[RUN] 1AB9_C_A -> 1AB9 C/A
Contact map saved to /Users/atakanemre/PeptidQuantum/outputs/analysis_propedia_batch_mlx/1AB9_C_A/figures/contact_map.png
Type-specific contact maps saved to /Users/atakanemre/PeptidQuantum/outputs/analysis_propedia_batch_mlx/1AB9_C_A/figures/contact_map_by_type.png
Interaction summary saved to /Users/atakanemre/PeptidQuantum/outputs/analysis_propedia_batch_mlx/1AB9_C_A/figures/interaction_summary.png
2D structure saved to /Users/atakanemre/PeptidQuantum/outputs/analysis_propedia_batch_mlx/1AB9_C_A/figures/peptide_2d.png
3Dmol.js viewer saved to /Users/atakanemre/PeptidQuantum/outputs/analysis_propedia_batch_mlx/1AB9_C_A/viewer.html
HTML report saved to /Users/atakanemre/PeptidQuantum/outputs/analysis_propedia_batch_mlx/1AB9_C_A/report.html
[RUN] 1AB9_C_D -> 1AB9 C/D
Contact map saved to /Users/atakanemre/PeptidQuantum/outputs/analysis_propedia_batch_mlx/1AB9_C_D/figures/contact_map.png
Type-specific contact maps saved to /Users/atakanemre/PeptidQuantum/outputs/analysis_propedia_batch_mlx/1AB9_C_D/figures/contact_map_by_type.png
Interaction summary saved to /Users/atakanemre/PeptidQuantum/outputs/analysis_propedia_batch_mlx/1AB9_C_D/figures/interaction_summary.png
2D structure saved to /Users/atakanemre/PeptidQuantum/outputs/analysis_propedia_batch_mlx/1AB9_C_D/figures/peptide_2d.png
3Dmol.js viewer saved to /Users/atakanemre/PeptidQuantum/outputs/analysis_propedia_batch_mlx/1AB9_C_D/viewer.html
HTML report saved to /Users/atakanemre/PeptidQuantum/outputs/analysis_propedia_batch_mlx/1AB9_C_D/report.html
[RUN] 1ABT_A_B -> 1ABT A/B
Contact map saved to /Users/atakanemre/PeptidQuantum/outputs/analysis_propedia_batch_mlx/1ABT_A_B/figures/contact_map.png
Type-specific contact maps saved to /Users/atakanemre/PeptidQuantum/outputs/analysis_propedia_batch_mlx/1ABT_A_B/figures/contact_map_by_type.png
Interaction summary saved to /Users/atakanemre/PeptidQuantum/outputs/analysis_propedia_batch_mlx/1ABT_A_B/figures/interaction_summary.png
2D structure saved to /Users/atakanemre/PeptidQuantum/outputs/analysis_propedia_batch_mlx/1ABT_A_B/figures/peptide_2d.png
3Dmol.js viewer saved to /Users/atakanemre/PeptidQuantum/outputs/analysis_propedia_batch_mlx/1ABT_A_B/viewer.html
HTML report saved to /Users/atakanemre/PeptidQuantum/outputs/analysis_propedia_batch_mlx/1ABT_A_B/report.html
[RUN] 1AFQ_B_A -> 1AFQ B/A
Contact map saved to /Users/atakanemre/PeptidQuantum/outputs/analysis_propedia_batch_mlx/1AFQ_B_A/figures/contact_map.png
Type-specific contact maps saved to /Users/atakanemre/PeptidQuantum/outputs/analysis_propedia_batch_mlx/1AFQ_B_A/figures/contact_map_by_type.png
Interaction summary saved to /Users/atakanemre/PeptidQuantum/outputs/analysis_propedia_batch_mlx/1AFQ_B_A/figures/interaction_summary.png
2D structure saved to /Users/atakanemre/PeptidQuantum/outputs/analysis_propedia_batch_mlx/1AFQ_B_A/figures/peptide_2d.png
3Dmol.js viewer saved to /Users/atakanemre/PeptidQuantum/outputs/analysis_propedia_batch_mlx/1AFQ_B_A/viewer.html
HTML report saved to /Users/atakanemre/PeptidQuantum/outputs/analysis_propedia_batch_mlx/1AFQ_B_A/report.html
[RUN] 1AFQ_C_A -> 1AFQ C/A
Contact map saved to /Users/atakanemre/PeptidQuantum/outputs/analysis_propedia_batch_mlx/1AFQ_C_A/figures/contact_map.png
Type-specific contact maps saved to /Users/atakanemre/PeptidQuantum/outputs/analysis_propedia_batch_mlx/1AFQ_C_A/figures/contact_map_by_type.png
Interaction summary saved to /Users/atakanemre/PeptidQuantum/outputs/analysis_propedia_batch_mlx/1AFQ_C_A/figures/interaction_summary.png
2D structure saved to /Users/atakanemre/PeptidQuantum/outputs/analysis_propedia_batch_mlx/1AFQ_C_A/figures/peptide_2d.png
3Dmol.js viewer saved to /Users/atakanemre/PeptidQuantum/outputs/analysis_propedia_batch_mlx/1AFQ_C_A/viewer.html
HTML report saved to /Users/atakanemre/PeptidQuantum/outputs/analysis_propedia_batch_mlx/1AFQ_C_A/report.html
[RUN] 1AI8_H_I -> 1AI8 H/I
Contact map saved to /Users/atakanemre/PeptidQuantum/outputs/analysis_propedia_batch_mlx/1AI8_H_I/figures/contact_map.png
Type-specific contact maps saved to /Users/atakanemre/PeptidQuantum/outputs/analysis_propedia_batch_mlx/1AI8_H_I/figures/contact_map_by_type.png
Interaction summary saved to /Users/atakanemre/PeptidQuantum/outputs/analysis_propedia_batch_mlx/1AI8_H_I/figures/interaction_summary.png
2D structure saved to /Users/atakanemre/PeptidQuantum/outputs/analysis_propedia_batch_mlx/1AI8_H_I/figures/peptide_2d.png
3Dmol.js viewer saved to /Users/atakanemre/PeptidQuantum/outputs/analysis_propedia_batch_mlx/1AI8_H_I/viewer.html
HTML report saved to /Users/atakanemre/PeptidQuantum/outputs/analysis_propedia_batch_mlx/1AI8_H_I/report.html
[OK] sanity batch complete: 10/10 passed
[OK] summary: /Users/atakanemre/PeptidQuantum/outputs/analysis_propedia_batch_mlx/visualization_sanity_summary.json
[RUN] 1A6A_A_C -> 1A6A A/C
Contact map saved to /Users/atakanemre/PeptidQuantum/outputs/analysis_propedia_top_ranked_batch_mlx/1A6A_A_C/figures/contact_map.png
Type-specific contact maps saved to /Users/atakanemre/PeptidQuantum/outputs/analysis_propedia_top_ranked_batch_mlx/1A6A_A_C/figures/contact_map_by_type.png
Interaction summary saved to /Users/atakanemre/PeptidQuantum/outputs/analysis_propedia_top_ranked_batch_mlx/1A6A_A_C/figures/interaction_summary.png
2D structure saved to /Users/atakanemre/PeptidQuantum/outputs/analysis_propedia_top_ranked_batch_mlx/1A6A_A_C/figures/peptide_2d.png
3Dmol.js viewer saved to /Users/atakanemre/PeptidQuantum/outputs/analysis_propedia_top_ranked_batch_mlx/1A6A_A_C/viewer.html
HTML report saved to /Users/atakanemre/PeptidQuantum/outputs/analysis_propedia_top_ranked_batch_mlx/1A6A_A_C/report.html
[RUN] 1A6A_B_C -> 1A6A B/C
Contact map saved to /Users/atakanemre/PeptidQuantum/outputs/analysis_propedia_top_ranked_batch_mlx/1A6A_B_C/figures/contact_map.png
Type-specific contact maps saved to /Users/atakanemre/PeptidQuantum/outputs/analysis_propedia_top_ranked_batch_mlx/1A6A_B_C/figures/contact_map_by_type.png
Interaction summary saved to /Users/atakanemre/PeptidQuantum/outputs/analysis_propedia_top_ranked_batch_mlx/1A6A_B_C/figures/interaction_summary.png
2D structure saved to /Users/atakanemre/PeptidQuantum/outputs/analysis_propedia_top_ranked_batch_mlx/1A6A_B_C/figures/peptide_2d.png
3Dmol.js viewer saved to /Users/atakanemre/PeptidQuantum/outputs/analysis_propedia_top_ranked_batch_mlx/1A6A_B_C/viewer.html
HTML report saved to /Users/atakanemre/PeptidQuantum/outputs/analysis_propedia_top_ranked_batch_mlx/1A6A_B_C/report.html
[RUN] 1AB9_B_A -> 1AB9 B/A
Contact map saved to /Users/atakanemre/PeptidQuantum/outputs/analysis_propedia_top_ranked_batch_mlx/1AB9_B_A/figures/contact_map.png
Type-specific contact maps saved to /Users/atakanemre/PeptidQuantum/outputs/analysis_propedia_top_ranked_batch_mlx/1AB9_B_A/figures/contact_map_by_type.png
Interaction summary saved to /Users/atakanemre/PeptidQuantum/outputs/analysis_propedia_top_ranked_batch_mlx/1AB9_B_A/figures/interaction_summary.png
2D structure saved to /Users/atakanemre/PeptidQuantum/outputs/analysis_propedia_top_ranked_batch_mlx/1AB9_B_A/figures/peptide_2d.png
3Dmol.js viewer saved to /Users/atakanemre/PeptidQuantum/outputs/analysis_propedia_top_ranked_batch_mlx/1AB9_B_A/viewer.html
HTML report saved to /Users/atakanemre/PeptidQuantum/outputs/analysis_propedia_top_ranked_batch_mlx/1AB9_B_A/report.html
[RUN] 1AB9_B_D -> 1AB9 B/D
Contact map saved to /Users/atakanemre/PeptidQuantum/outputs/analysis_propedia_top_ranked_batch_mlx/1AB9_B_D/figures/contact_map.png
Type-specific contact maps saved to /Users/atakanemre/PeptidQuantum/outputs/analysis_propedia_top_ranked_batch_mlx/1AB9_B_D/figures/contact_map_by_type.png
Interaction summary saved to /Users/atakanemre/PeptidQuantum/outputs/analysis_propedia_top_ranked_batch_mlx/1AB9_B_D/figures/interaction_summary.png
2D structure saved to /Users/atakanemre/PeptidQuantum/outputs/analysis_propedia_top_ranked_batch_mlx/1AB9_B_D/figures/peptide_2d.png
3Dmol.js viewer saved to /Users/atakanemre/PeptidQuantum/outputs/analysis_propedia_top_ranked_batch_mlx/1AB9_B_D/viewer.html
HTML report saved to /Users/atakanemre/PeptidQuantum/outputs/analysis_propedia_top_ranked_batch_mlx/1AB9_B_D/report.html
[RUN] 1AB9_C_A -> 1AB9 C/A
Contact map saved to /Users/atakanemre/PeptidQuantum/outputs/analysis_propedia_top_ranked_batch_mlx/1AB9_C_A/figures/contact_map.png
Type-specific contact maps saved to /Users/atakanemre/PeptidQuantum/outputs/analysis_propedia_top_ranked_batch_mlx/1AB9_C_A/figures/contact_map_by_type.png
Interaction summary saved to /Users/atakanemre/PeptidQuantum/outputs/analysis_propedia_top_ranked_batch_mlx/1AB9_C_A/figures/interaction_summary.png
2D structure saved to /Users/atakanemre/PeptidQuantum/outputs/analysis_propedia_top_ranked_batch_mlx/1AB9_C_A/figures/peptide_2d.png
3Dmol.js viewer saved to /Users/atakanemre/PeptidQuantum/outputs/analysis_propedia_top_ranked_batch_mlx/1AB9_C_A/viewer.html
HTML report saved to /Users/atakanemre/PeptidQuantum/outputs/analysis_propedia_top_ranked_batch_mlx/1AB9_C_A/report.html
[RUN] 1AB9_C_D -> 1AB9 C/D
Contact map saved to /Users/atakanemre/PeptidQuantum/outputs/analysis_propedia_top_ranked_batch_mlx/1AB9_C_D/figures/contact_map.png
Type-specific contact maps saved to /Users/atakanemre/PeptidQuantum/outputs/analysis_propedia_top_ranked_batch_mlx/1AB9_C_D/figures/contact_map_by_type.png
Interaction summary saved to /Users/atakanemre/PeptidQuantum/outputs/analysis_propedia_top_ranked_batch_mlx/1AB9_C_D/figures/interaction_summary.png
2D structure saved to /Users/atakanemre/PeptidQuantum/outputs/analysis_propedia_top_ranked_batch_mlx/1AB9_C_D/figures/peptide_2d.png
3Dmol.js viewer saved to /Users/atakanemre/PeptidQuantum/outputs/analysis_propedia_top_ranked_batch_mlx/1AB9_C_D/viewer.html
HTML report saved to /Users/atakanemre/PeptidQuantum/outputs/analysis_propedia_top_ranked_batch_mlx/1AB9_C_D/report.html
[RUN] 1ABT_A_B -> 1ABT A/B
Contact map saved to /Users/atakanemre/PeptidQuantum/outputs/analysis_propedia_top_ranked_batch_mlx/1ABT_A_B/figures/contact_map.png
Type-specific contact maps saved to /Users/atakanemre/PeptidQuantum/outputs/analysis_propedia_top_ranked_batch_mlx/1ABT_A_B/figures/contact_map_by_type.png
Interaction summary saved to /Users/atakanemre/PeptidQuantum/outputs/analysis_propedia_top_ranked_batch_mlx/1ABT_A_B/figures/interaction_summary.png
2D structure saved to /Users/atakanemre/PeptidQuantum/outputs/analysis_propedia_top_ranked_batch_mlx/1ABT_A_B/figures/peptide_2d.png
3Dmol.js viewer saved to /Users/atakanemre/PeptidQuantum/outputs/analysis_propedia_top_ranked_batch_mlx/1ABT_A_B/viewer.html
HTML report saved to /Users/atakanemre/PeptidQuantum/outputs/analysis_propedia_top_ranked_batch_mlx/1ABT_A_B/report.html
[RUN] 1AFQ_B_A -> 1AFQ B/A
Contact map saved to /Users/atakanemre/PeptidQuantum/outputs/analysis_propedia_top_ranked_batch_mlx/1AFQ_B_A/figures/contact_map.png
Type-specific contact maps saved to /Users/atakanemre/PeptidQuantum/outputs/analysis_propedia_top_ranked_batch_mlx/1AFQ_B_A/figures/contact_map_by_type.png
Interaction summary saved to /Users/atakanemre/PeptidQuantum/outputs/analysis_propedia_top_ranked_batch_mlx/1AFQ_B_A/figures/interaction_summary.png
2D structure saved to /Users/atakanemre/PeptidQuantum/outputs/analysis_propedia_top_ranked_batch_mlx/1AFQ_B_A/figures/peptide_2d.png
3Dmol.js viewer saved to /Users/atakanemre/PeptidQuantum/outputs/analysis_propedia_top_ranked_batch_mlx/1AFQ_B_A/viewer.html
HTML report saved to /Users/atakanemre/PeptidQuantum/outputs/analysis_propedia_top_ranked_batch_mlx/1AFQ_B_A/report.html
[RUN] 1AFQ_C_A -> 1AFQ C/A
Contact map saved to /Users/atakanemre/PeptidQuantum/outputs/analysis_propedia_top_ranked_batch_mlx/1AFQ_C_A/figures/contact_map.png
Type-specific contact maps saved to /Users/atakanemre/PeptidQuantum/outputs/analysis_propedia_top_ranked_batch_mlx/1AFQ_C_A/figures/contact_map_by_type.png
Interaction summary saved to /Users/atakanemre/PeptidQuantum/outputs/analysis_propedia_top_ranked_batch_mlx/1AFQ_C_A/figures/interaction_summary.png
2D structure saved to /Users/atakanemre/PeptidQuantum/outputs/analysis_propedia_top_ranked_batch_mlx/1AFQ_C_A/figures/peptide_2d.png
3Dmol.js viewer saved to /Users/atakanemre/PeptidQuantum/outputs/analysis_propedia_top_ranked_batch_mlx/1AFQ_C_A/viewer.html
HTML report saved to /Users/atakanemre/PeptidQuantum/outputs/analysis_propedia_top_ranked_batch_mlx/1AFQ_C_A/report.html
[RUN] 1AI8_H_I -> 1AI8 H/I
Contact map saved to /Users/atakanemre/PeptidQuantum/outputs/analysis_propedia_top_ranked_batch_mlx/1AI8_H_I/figures/contact_map.png
Type-specific contact maps saved to /Users/atakanemre/PeptidQuantum/outputs/analysis_propedia_top_ranked_batch_mlx/1AI8_H_I/figures/contact_map_by_type.png
Interaction summary saved to /Users/atakanemre/PeptidQuantum/outputs/analysis_propedia_top_ranked_batch_mlx/1AI8_H_I/figures/interaction_summary.png
2D structure saved to /Users/atakanemre/PeptidQuantum/outputs/analysis_propedia_top_ranked_batch_mlx/1AI8_H_I/figures/peptide_2d.png
3Dmol.js viewer saved to /Users/atakanemre/PeptidQuantum/outputs/analysis_propedia_top_ranked_batch_mlx/1AI8_H_I/viewer.html
HTML report saved to /Users/atakanemre/PeptidQuantum/outputs/analysis_propedia_top_ranked_batch_mlx/1AI8_H_I/report.html
[OK] sanity batch complete: 10/10 passed
[OK] summary: /Users/atakanemre/PeptidQuantum/outputs/analysis_propedia_top_ranked_batch_mlx/visualization_sanity_summary.json
Ablation summary: /Users/atakanemre/PeptidQuantum/outputs/training/peptidquantum_v0_1_final_best_mlx_ablation/ablation_summary.csv
Final best dir: /Users/atakanemre/PeptidQuantum/outputs/training/peptidquantum_v0_1_final_best_mlx_ablation
