MLX training config | train=24996 val=7998 test=7998 | epochs=8 patience=4 min_epochs_before_early_stop=0
Candidate integrity | train=4166/4166 val=1333/1333 test=1333/1333
Epoch 001/8 | loss=1.1508 | val_auroc=0.5768 | val_mrr=0.4781 | val_hit@3=0.5799 | val_mcc=0.0859
[BEST] val_mrr -> 0.4781
Epoch 002/8 | loss=1.1150 | val_auroc=0.6133 | val_mrr=0.5111 | val_hit@3=0.6339 | val_mcc=0.1275
[BEST] val_mrr -> 0.5111
Epoch 003/8 | loss=1.0833 | val_auroc=0.6348 | val_mrr=0.5181 | val_hit@3=0.6497 | val_mcc=0.1520
[BEST] val_mrr -> 0.5181
Epoch 004/8 | loss=1.0514 | val_auroc=0.6563 | val_mrr=0.5415 | val_hit@3=0.6812 | val_mcc=0.1749
[BEST] val_mrr -> 0.5415
Epoch 005/8 | loss=1.0196 | val_auroc=0.6640 | val_mrr=0.5439 | val_hit@3=0.6842 | val_mcc=0.1753
[BEST] val_mrr -> 0.5439
Epoch 006/8 | loss=0.9938 | val_auroc=0.6656 | val_mrr=0.5396 | val_hit@3=0.6887 | val_mcc=0.1786
Epoch 007/8 | loss=0.9573 | val_auroc=0.6772 | val_mrr=0.5522 | val_hit@3=0.7112 | val_mcc=0.1903
[BEST] val_mrr -> 0.5522
Epoch 008/8 | loss=0.9322 | val_auroc=0.6772 | val_mrr=0.5532 | val_hit@3=0.6992 | val_mcc=0.1873
[BEST] val_mrr -> 0.5532
Training complete. Outputs: /Users/atakanemre/PeptidQuantum/outputs/training/ablation_mlx_mlp_s_f1_l1_c0_smoke
MLX training config | train=24996 val=7998 test=7998 | epochs=8 patience=4 min_epochs_before_early_stop=0
Candidate integrity | train=4166/4166 val=1333/1333 test=1333/1333
Epoch 001/8 | loss=0.7928 | val_auroc=0.4944 | val_mrr=0.4029 | val_hit@3=0.4756 | val_mcc=0.0449
[BEST] val_mrr -> 0.4029
Epoch 002/8 | loss=0.7693 | val_auroc=0.5436 | val_mrr=0.4476 | val_hit@3=0.5499 | val_mcc=0.0627
[BEST] val_mrr -> 0.4476
Epoch 003/8 | loss=0.7472 | val_auroc=0.5578 | val_mrr=0.4614 | val_hit@3=0.5776 | val_mcc=0.0708
[BEST] val_mrr -> 0.4614
Epoch 004/8 | loss=0.7518 | val_auroc=0.5632 | val_mrr=0.4790 | val_hit@3=0.5926 | val_mcc=0.0894
[BEST] val_mrr -> 0.4790
Epoch 005/8 | loss=0.7323 | val_auroc=0.5907 | val_mrr=0.4960 | val_hit@3=0.6339 | val_mcc=0.1013
[BEST] val_mrr -> 0.4960
Epoch 006/8 | loss=0.7578 | val_auroc=0.5642 | val_mrr=0.4675 | val_hit@3=0.5874 | val_mcc=0.0908
Epoch 007/8 | loss=0.7317 | val_auroc=0.5888 | val_mrr=0.4902 | val_hit@3=0.6204 | val_mcc=0.0986
Epoch 008/8 | loss=0.7200 | val_auroc=0.5923 | val_mrr=0.4957 | val_hit@3=0.6369 | val_mcc=0.1086
Training complete. Outputs: /Users/atakanemre/PeptidQuantum/outputs/training/ablation_mlx_mlp_s_f1_l2_c0_smoke
MLX training config | train=24996 val=7998 test=7998 | epochs=8 patience=4 min_epochs_before_early_stop=0
Candidate integrity | train=4166/4166 val=1333/1333 test=1333/1333
Epoch 001/8 | loss=0.8038 | val_auroc=0.4918 | val_mrr=0.4097 | val_hit@3=0.4921 | val_mcc=0.0301
[BEST] val_mrr -> 0.4097
Epoch 002/8 | loss=0.7697 | val_auroc=0.5222 | val_mrr=0.4418 | val_hit@3=0.5416 | val_mcc=0.0596
[BEST] val_mrr -> 0.4418
Epoch 003/8 | loss=0.7520 | val_auroc=0.5481 | val_mrr=0.4628 | val_hit@3=0.5784 | val_mcc=0.0568
[BEST] val_mrr -> 0.4628
Epoch 004/8 | loss=0.7566 | val_auroc=0.5448 | val_mrr=0.4655 | val_hit@3=0.5611 | val_mcc=0.1046
[BEST] val_mrr -> 0.4655
Epoch 005/8 | loss=0.7342 | val_auroc=0.5710 | val_mrr=0.4777 | val_hit@3=0.6092 | val_mcc=0.0787
[BEST] val_mrr -> 0.4777
Epoch 006/8 | loss=0.7602 | val_auroc=0.5521 | val_mrr=0.4663 | val_hit@3=0.5746 | val_mcc=0.0706
Epoch 007/8 | loss=0.7267 | val_auroc=0.5775 | val_mrr=0.4892 | val_hit@3=0.6099 | val_mcc=0.0900
[BEST] val_mrr -> 0.4892
Epoch 008/8 | loss=0.7215 | val_auroc=0.5838 | val_mrr=0.4870 | val_hit@3=0.6354 | val_mcc=0.0963
Training complete. Outputs: /Users/atakanemre/PeptidQuantum/outputs/training/ablation_mlx_mlp_s_f2_l2_c0_smoke
MLX training config | train=24996 val=7998 test=7998 | epochs=8 patience=4 min_epochs_before_early_stop=8
Candidate integrity | train=4166/4166 val=1333/1333 test=1333/1333
Epoch 001/8 | loss=0.8077 | val_auroc=0.4935 | val_mrr=0.4037 | val_hit@3=0.4944 | val_mcc=0.0125
[BEST] val_mrr -> 0.4037
Epoch 002/8 | loss=0.7733 | val_auroc=0.5236 | val_mrr=0.4375 | val_hit@3=0.5394 | val_mcc=0.0614
[BEST] val_mrr -> 0.4375
Epoch 003/8 | loss=0.7583 | val_auroc=0.5588 | val_mrr=0.4704 | val_hit@3=0.5926 | val_mcc=0.0693
[BEST] val_mrr -> 0.4704
Epoch 004/8 | loss=0.7547 | val_auroc=0.5516 | val_mrr=0.4661 | val_hit@3=0.5686 | val_mcc=0.0903
Epoch 005/8 | loss=0.7395 | val_auroc=0.5684 | val_mrr=0.4724 | val_hit@3=0.5934 | val_mcc=0.0933
[BEST] val_mrr -> 0.4724
Epoch 006/8 | loss=0.7560 | val_auroc=0.5577 | val_mrr=0.4560 | val_hit@3=0.5754 | val_mcc=0.0710
Epoch 007/8 | loss=0.7364 | val_auroc=0.5809 | val_mrr=0.4939 | val_hit@3=0.6279 | val_mcc=0.0954
[BEST] val_mrr -> 0.4939
Epoch 008/8 | loss=0.7224 | val_auroc=0.5863 | val_mrr=0.4968 | val_hit@3=0.6234 | val_mcc=0.1093
[BEST] val_mrr -> 0.4968
Training complete. Outputs: /Users/atakanemre/PeptidQuantum/outputs/training/ablation_mlx_mlp_s_f2_l2_c1_smoke
MLX training config | train=24996 val=7998 test=7998 | epochs=8 patience=4 min_epochs_before_early_stop=0
Candidate integrity | train=4166/4166 val=1333/1333 test=1333/1333
Epoch 001/8 | loss=1.1521 | val_auroc=0.5679 | val_mrr=0.4679 | val_hit@3=0.5949 | val_mcc=0.0911
[BEST] val_mrr -> 0.4679
Epoch 002/8 | loss=1.1193 | val_auroc=0.6058 | val_mrr=0.5035 | val_hit@3=0.6369 | val_mcc=0.1288
[BEST] val_mrr -> 0.5035
Epoch 003/8 | loss=1.0780 | val_auroc=0.6399 | val_mrr=0.5236 | val_hit@3=0.6647 | val_mcc=0.1584
[BEST] val_mrr -> 0.5236
Epoch 004/8 | loss=1.0400 | val_auroc=0.6497 | val_mrr=0.5289 | val_hit@3=0.6737 | val_mcc=0.1590
[BEST] val_mrr -> 0.5289
Epoch 005/8 | loss=1.0033 | val_auroc=0.6697 | val_mrr=0.5525 | val_hit@3=0.6962 | val_mcc=0.1835
[BEST] val_mrr -> 0.5525
Epoch 006/8 | loss=0.9711 | val_auroc=0.6747 | val_mrr=0.5576 | val_hit@3=0.7164 | val_mcc=0.1840
[BEST] val_mrr -> 0.5576
Epoch 007/8 | loss=0.9228 | val_auroc=0.6870 | val_mrr=0.5647 | val_hit@3=0.7329 | val_mcc=0.2004
[BEST] val_mrr -> 0.5647
Epoch 008/8 | loss=0.8844 | val_auroc=0.6855 | val_mrr=0.5630 | val_hit@3=0.7097 | val_mcc=0.1990
Training complete. Outputs: /Users/atakanemre/PeptidQuantum/outputs/training/ablation_mlx_mlp_m_f1_l1_c0_smoke
MLX training config | train=24996 val=7998 test=7998 | epochs=8 patience=4 min_epochs_before_early_stop=0
Candidate integrity | train=4166/4166 val=1333/1333 test=1333/1333
Epoch 001/8 | loss=0.8083 | val_auroc=0.4942 | val_mrr=0.4108 | val_hit@3=0.4891 | val_mcc=0.0374
[BEST] val_mrr -> 0.4108
Epoch 002/8 | loss=0.7725 | val_auroc=0.5258 | val_mrr=0.4324 | val_hit@3=0.5454 | val_mcc=0.0418
[BEST] val_mrr -> 0.4324
Epoch 003/8 | loss=0.7716 | val_auroc=0.5435 | val_mrr=0.4579 | val_hit@3=0.5701 | val_mcc=0.0679
[BEST] val_mrr -> 0.4579
Epoch 004/8 | loss=0.7535 | val_auroc=0.5597 | val_mrr=0.4675 | val_hit@3=0.5724 | val_mcc=0.0914
[BEST] val_mrr -> 0.4675
Epoch 005/8 | loss=0.7357 | val_auroc=0.5693 | val_mrr=0.4767 | val_hit@3=0.6054 | val_mcc=0.0833
[BEST] val_mrr -> 0.4767
Epoch 006/8 | loss=0.7619 | val_auroc=0.5492 | val_mrr=0.4620 | val_hit@3=0.5619 | val_mcc=0.0591
Epoch 007/8 | loss=0.7381 | val_auroc=0.5608 | val_mrr=0.4689 | val_hit@3=0.5896 | val_mcc=0.0968
Epoch 008/8 | loss=0.7299 | val_auroc=0.5809 | val_mrr=0.5009 | val_hit@3=0.6257 | val_mcc=0.0956
[BEST] val_mrr -> 0.5009
Training complete. Outputs: /Users/atakanemre/PeptidQuantum/outputs/training/ablation_mlx_mlp_m_f1_l2_c0_smoke
MLX training config | train=24996 val=7998 test=7998 | epochs=8 patience=4 min_epochs_before_early_stop=0
Candidate integrity | train=4166/4166 val=1333/1333 test=1333/1333
Epoch 001/8 | loss=0.8088 | val_auroc=0.5029 | val_mrr=0.4145 | val_hit@3=0.5049 | val_mcc=0.0158
[BEST] val_mrr -> 0.4145
Epoch 002/8 | loss=0.7822 | val_auroc=0.5231 | val_mrr=0.4252 | val_hit@3=0.5259 | val_mcc=0.0323
[BEST] val_mrr -> 0.4252
Epoch 003/8 | loss=0.7605 | val_auroc=0.5590 | val_mrr=0.4512 | val_hit@3=0.5754 | val_mcc=0.0755
[BEST] val_mrr -> 0.4512
Epoch 004/8 | loss=0.7576 | val_auroc=0.5739 | val_mrr=0.4814 | val_hit@3=0.6024 | val_mcc=0.0830
[BEST] val_mrr -> 0.4814
Epoch 005/8 | loss=0.7381 | val_auroc=0.5788 | val_mrr=0.4822 | val_hit@3=0.6227 | val_mcc=0.0930
[BEST] val_mrr -> 0.4822
Epoch 006/8 | loss=0.7657 | val_auroc=0.5630 | val_mrr=0.4674 | val_hit@3=0.5814 | val_mcc=0.0761
Epoch 007/8 | loss=0.7333 | val_auroc=0.5734 | val_mrr=0.4842 | val_hit@3=0.6159 | val_mcc=0.0780
[BEST] val_mrr -> 0.4842
Epoch 008/8 | loss=0.7358 | val_auroc=0.5911 | val_mrr=0.4954 | val_hit@3=0.6294 | val_mcc=0.0959
[BEST] val_mrr -> 0.4954
Training complete. Outputs: /Users/atakanemre/PeptidQuantum/outputs/training/ablation_mlx_mlp_m_f2_l2_c0_smoke
MLX training config | train=24996 val=7998 test=7998 | epochs=8 patience=4 min_epochs_before_early_stop=8
Candidate integrity | train=4166/4166 val=1333/1333 test=1333/1333
Epoch 001/8 | loss=0.8100 | val_auroc=0.5053 | val_mrr=0.4197 | val_hit@3=0.4974 | val_mcc=0.0301
[BEST] val_mrr -> 0.4197
Epoch 002/8 | loss=0.7822 | val_auroc=0.5087 | val_mrr=0.4101 | val_hit@3=0.5131 | val_mcc=0.0212
Epoch 003/8 | loss=0.7666 | val_auroc=0.5267 | val_mrr=0.4370 | val_hit@3=0.5356 | val_mcc=0.0511
[BEST] val_mrr -> 0.4370
Epoch 004/8 | loss=0.7578 | val_auroc=0.5240 | val_mrr=0.4461 | val_hit@3=0.5416 | val_mcc=0.0749
[BEST] val_mrr -> 0.4461
Epoch 005/8 | loss=0.7403 | val_auroc=0.5589 | val_mrr=0.4740 | val_hit@3=0.5889 | val_mcc=0.0780
[BEST] val_mrr -> 0.4740
Epoch 006/8 | loss=0.7682 | val_auroc=0.5526 | val_mrr=0.4599 | val_hit@3=0.5604 | val_mcc=0.0661
Epoch 007/8 | loss=0.7344 | val_auroc=0.5707 | val_mrr=0.4621 | val_hit@3=0.5926 | val_mcc=0.0797
Epoch 008/8 | loss=0.7334 | val_auroc=0.5570 | val_mrr=0.4787 | val_hit@3=0.5874 | val_mcc=0.1037
[BEST] val_mrr -> 0.4787
Training complete. Outputs: /Users/atakanemre/PeptidQuantum/outputs/training/ablation_mlx_mlp_m_f2_l2_c1_smoke
MLX training config | train=24996 val=7998 test=7998 | epochs=8 patience=4 min_epochs_before_early_stop=0
Candidate integrity | train=4166/4166 val=1333/1333 test=1333/1333
Epoch 001/8 | loss=1.1604 | val_auroc=0.5499 | val_mrr=0.4452 | val_hit@3=0.5596 | val_mcc=0.0567
[BEST] val_mrr -> 0.4452
Epoch 002/8 | loss=1.1323 | val_auroc=0.5946 | val_mrr=0.4971 | val_hit@3=0.6174 | val_mcc=0.1039
[BEST] val_mrr -> 0.4971
Epoch 003/8 | loss=1.1007 | val_auroc=0.6246 | val_mrr=0.5067 | val_hit@3=0.6362 | val_mcc=0.1372
[BEST] val_mrr -> 0.5067
Epoch 004/8 | loss=1.0544 | val_auroc=0.6399 | val_mrr=0.5295 | val_hit@3=0.6647 | val_mcc=0.1467
[BEST] val_mrr -> 0.5295
Epoch 005/8 | loss=1.0089 | val_auroc=0.6538 | val_mrr=0.5375 | val_hit@3=0.6759 | val_mcc=0.1582
[BEST] val_mrr -> 0.5375
Epoch 006/8 | loss=0.9748 | val_auroc=0.6681 | val_mrr=0.5519 | val_hit@3=0.6962 | val_mcc=0.1861
[BEST] val_mrr -> 0.5519
Epoch 007/8 | loss=0.9303 | val_auroc=0.6842 | val_mrr=0.5734 | val_hit@3=0.7082 | val_mcc=0.2020
[BEST] val_mrr -> 0.5734
Epoch 008/8 | loss=0.8776 | val_auroc=0.6780 | val_mrr=0.5597 | val_hit@3=0.7134 | val_mcc=0.1872
Training complete. Outputs: /Users/atakanemre/PeptidQuantum/outputs/training/ablation_mlx_mlp_l_f1_l1_c0_smoke
MLX training config | train=24996 val=7998 test=7998 | epochs=8 patience=4 min_epochs_before_early_stop=0
Candidate integrity | train=4166/4166 val=1333/1333 test=1333/1333
Epoch 001/8 | loss=0.8174 | val_auroc=0.5123 | val_mrr=0.4160 | val_hit@3=0.4981 | val_mcc=0.0215
[BEST] val_mrr -> 0.4160
Epoch 002/8 | loss=0.7792 | val_auroc=0.5028 | val_mrr=0.4179 | val_hit@3=0.4966 | val_mcc=0.0053
[BEST] val_mrr -> 0.4179
Epoch 003/8 | loss=0.7674 | val_auroc=0.4948 | val_mrr=0.4066 | val_hit@3=0.4906 | val_mcc=0.0051
Epoch 004/8 | loss=0.7864 | val_auroc=0.5137 | val_mrr=0.4318 | val_hit@3=0.5146 | val_mcc=0.0462
[BEST] val_mrr -> 0.4318
Epoch 005/8 | loss=0.7780 | val_auroc=0.5011 | val_mrr=0.4198 | val_hit@3=0.4996 | val_mcc=0.0606
Epoch 006/8 | loss=0.7700 | val_auroc=0.5389 | val_mrr=0.4498 | val_hit@3=0.5484 | val_mcc=0.0506
[BEST] val_mrr -> 0.4498
Epoch 007/8 | loss=0.7671 | val_auroc=0.5134 | val_mrr=0.4288 | val_hit@3=0.5311 | val_mcc=0.0241
Epoch 008/8 | loss=0.7587 | val_auroc=0.5241 | val_mrr=0.4356 | val_hit@3=0.5304 | val_mcc=0.0779
Training complete. Outputs: /Users/atakanemre/PeptidQuantum/outputs/training/ablation_mlx_mlp_l_f1_l2_c0_smoke
MLX training config | train=24996 val=7998 test=7998 | epochs=8 patience=4 min_epochs_before_early_stop=0
Candidate integrity | train=4166/4166 val=1333/1333 test=1333/1333
Epoch 001/8 | loss=0.8403 | val_auroc=0.4966 | val_mrr=0.4103 | val_hit@3=0.4966 | val_mcc=0.0260
[BEST] val_mrr -> 0.4103
Epoch 002/8 | loss=0.7942 | val_auroc=0.5037 | val_mrr=0.4178 | val_hit@3=0.4906 | val_mcc=0.0257
[BEST] val_mrr -> 0.4178
Epoch 003/8 | loss=0.7932 | val_auroc=0.5044 | val_mrr=0.4102 | val_hit@3=0.5169 | val_mcc=0.0252
Epoch 004/8 | loss=0.7734 | val_auroc=0.5175 | val_mrr=0.4287 | val_hit@3=0.5289 | val_mcc=0.0557
[BEST] val_mrr -> 0.4287
Epoch 005/8 | loss=0.7711 | val_auroc=0.5206 | val_mrr=0.4283 | val_hit@3=0.5409 | val_mcc=0.0416
Epoch 006/8 | loss=0.7752 | val_auroc=0.5051 | val_mrr=0.4202 | val_hit@3=0.5199 | val_mcc=0.0333
Epoch 007/8 | loss=0.7736 | val_auroc=0.5280 | val_mrr=0.4487 | val_hit@3=0.5416 | val_mcc=0.0424
[BEST] val_mrr -> 0.4487
Epoch 008/8 | loss=0.7625 | val_auroc=0.5333 | val_mrr=0.4522 | val_hit@3=0.5364 | val_mcc=0.0791
[BEST] val_mrr -> 0.4522
Training complete. Outputs: /Users/atakanemre/PeptidQuantum/outputs/training/ablation_mlx_mlp_l_f2_l2_c0_smoke
MLX training config | train=24996 val=7998 test=7998 | epochs=8 patience=4 min_epochs_before_early_stop=8
Candidate integrity | train=4166/4166 val=1333/1333 test=1333/1333
Epoch 001/8 | loss=0.8119 | val_auroc=0.5037 | val_mrr=0.4146 | val_hit@3=0.5086 | val_mcc=0.0292
[BEST] val_mrr -> 0.4146
Epoch 002/8 | loss=0.7986 | val_auroc=0.4947 | val_mrr=0.4079 | val_hit@3=0.4839 | val_mcc=0.0250
Epoch 003/8 | loss=0.7843 | val_auroc=0.4993 | val_mrr=0.4190 | val_hit@3=0.4996 | val_mcc=0.0402
[BEST] val_mrr -> 0.4190
Epoch 004/8 | loss=0.7701 | val_auroc=0.5008 | val_mrr=0.4139 | val_hit@3=0.5011 | val_mcc=0.0273
Epoch 005/8 | loss=0.7636 | val_auroc=0.5225 | val_mrr=0.4371 | val_hit@3=0.5161 | val_mcc=0.0811
[BEST] val_mrr -> 0.4371
Epoch 006/8 | loss=0.7859 | val_auroc=0.5123 | val_mrr=0.4117 | val_hit@3=0.5086 | val_mcc=0.0368
Epoch 007/8 | loss=0.7676 | val_auroc=0.5376 | val_mrr=0.4386 | val_hit@3=0.5386 | val_mcc=0.0751
[BEST] val_mrr -> 0.4386
Epoch 008/8 | loss=0.7709 | val_auroc=0.5226 | val_mrr=0.4393 | val_hit@3=0.5649 | val_mcc=0.0864
[BEST] val_mrr -> 0.4393
Training complete. Outputs: /Users/atakanemre/PeptidQuantum/outputs/training/ablation_mlx_mlp_l_f2_l2_c1_smoke
MLX training config | train=60000 val=19998 test=19998 | epochs=200 patience=20 min_epochs_before_early_stop=0
Candidate integrity | train=10000/10000 val=3333/3333 test=3333/3333
Epoch 001/200 | loss=1.1446 | val_auroc=0.6035 | val_mrr=0.4935 | val_hit@3=0.6310 | val_mcc=0.1180
[BEST] val_mrr -> 0.4935
Epoch 002/200 | loss=1.0764 | val_auroc=0.6646 | val_mrr=0.5578 | val_hit@3=0.6922 | val_mcc=0.1723
[BEST] val_mrr -> 0.5578
Epoch 003/200 | loss=1.0111 | val_auroc=0.6919 | val_mrr=0.5822 | val_hit@3=0.7378 | val_mcc=0.2085
[BEST] val_mrr -> 0.5822
Epoch 004/200 | loss=0.9513 | val_auroc=0.7053 | val_mrr=0.5926 | val_hit@3=0.7387 | val_mcc=0.2226
[BEST] val_mrr -> 0.5926
Epoch 005/200 | loss=0.8938 | val_auroc=0.7255 | val_mrr=0.6080 | val_hit@3=0.7510 | val_mcc=0.2489
[BEST] val_mrr -> 0.6080
Epoch 006/200 | loss=0.8396 | val_auroc=0.7266 | val_mrr=0.6182 | val_hit@3=0.7588 | val_mcc=0.2506
[BEST] val_mrr -> 0.6182
Epoch 007/200 | loss=0.7945 | val_auroc=0.7285 | val_mrr=0.6147 | val_hit@3=0.7531 | val_mcc=0.2475
Epoch 008/200 | loss=0.7475 | val_auroc=0.7390 | val_mrr=0.6313 | val_hit@3=0.7660 | val_mcc=0.2697
[BEST] val_mrr -> 0.6313
Epoch 009/200 | loss=0.7084 | val_auroc=0.7421 | val_mrr=0.6315 | val_hit@3=0.7636 | val_mcc=0.2784
[BEST] val_mrr -> 0.6315
Epoch 010/200 | loss=0.6769 | val_auroc=0.7424 | val_mrr=0.6313 | val_hit@3=0.7717 | val_mcc=0.2742
Epoch 011/200 | loss=0.6482 | val_auroc=0.7429 | val_mrr=0.6278 | val_hit@3=0.7630 | val_mcc=0.2781
Epoch 012/200 | loss=0.6211 | val_auroc=0.7458 | val_mrr=0.6388 | val_hit@3=0.7741 | val_mcc=0.2819
[BEST] val_mrr -> 0.6388
Epoch 013/200 | loss=0.5984 | val_auroc=0.7443 | val_mrr=0.6340 | val_hit@3=0.7714 | val_mcc=0.2735
Epoch 014/200 | loss=0.5831 | val_auroc=0.7433 | val_mrr=0.6309 | val_hit@3=0.7666 | val_mcc=0.2731
Epoch 015/200 | loss=0.5614 | val_auroc=0.7514 | val_mrr=0.6430 | val_hit@3=0.7792 | val_mcc=0.2961
[BEST] val_mrr -> 0.6430
Epoch 016/200 | loss=0.5482 | val_auroc=0.7496 | val_mrr=0.6377 | val_hit@3=0.7723 | val_mcc=0.2893
Epoch 017/200 | loss=0.5395 | val_auroc=0.7472 | val_mrr=0.6346 | val_hit@3=0.7690 | val_mcc=0.2875
Epoch 018/200 | loss=0.5318 | val_auroc=0.7417 | val_mrr=0.6341 | val_hit@3=0.7645 | val_mcc=0.2817
Epoch 019/200 | loss=0.5183 | val_auroc=0.7482 | val_mrr=0.6374 | val_hit@3=0.7714 | val_mcc=0.2926
Epoch 020/200 | loss=0.5042 | val_auroc=0.7472 | val_mrr=0.6387 | val_hit@3=0.7741 | val_mcc=0.2939
Epoch 021/200 | loss=0.4980 | val_auroc=0.7468 | val_mrr=0.6371 | val_hit@3=0.7711 | val_mcc=0.2890
Epoch 022/200 | loss=0.4906 | val_auroc=0.7487 | val_mrr=0.6402 | val_hit@3=0.7711 | val_mcc=0.2921
Epoch 023/200 | loss=0.4869 | val_auroc=0.7455 | val_mrr=0.6379 | val_hit@3=0.7660 | val_mcc=0.2869
Epoch 024/200 | loss=0.4814 | val_auroc=0.7494 | val_mrr=0.6457 | val_hit@3=0.7738 | val_mcc=0.3005
[BEST] val_mrr -> 0.6457
Epoch 025/200 | loss=0.4798 | val_auroc=0.7449 | val_mrr=0.6369 | val_hit@3=0.7705 | val_mcc=0.2880
Epoch 026/200 | loss=0.4659 | val_auroc=0.7491 | val_mrr=0.6460 | val_hit@3=0.7768 | val_mcc=0.2961
[BEST] val_mrr -> 0.6460
Epoch 027/200 | loss=0.4712 | val_auroc=0.7454 | val_mrr=0.6390 | val_hit@3=0.7651 | val_mcc=0.2873
Epoch 028/200 | loss=0.4813 | val_auroc=0.7459 | val_mrr=0.6386 | val_hit@3=0.7615 | val_mcc=0.2939
Epoch 029/200 | loss=0.4655 | val_auroc=0.7458 | val_mrr=0.6351 | val_hit@3=0.7708 | val_mcc=0.2904
Epoch 030/200 | loss=0.4614 | val_auroc=0.7488 | val_mrr=0.6450 | val_hit@3=0.7765 | val_mcc=0.2954
Epoch 031/200 | loss=0.4530 | val_auroc=0.7496 | val_mrr=0.6446 | val_hit@3=0.7744 | val_mcc=0.2973
Epoch 032/200 | loss=0.4519 | val_auroc=0.7517 | val_mrr=0.6386 | val_hit@3=0.7729 | val_mcc=0.2968
Epoch 033/200 | loss=0.4586 | val_auroc=0.7450 | val_mrr=0.6388 | val_hit@3=0.7705 | val_mcc=0.2884
Epoch 034/200 | loss=0.4541 | val_auroc=0.7494 | val_mrr=0.6423 | val_hit@3=0.7759 | val_mcc=0.2949
Epoch 035/200 | loss=0.4460 | val_auroc=0.7510 | val_mrr=0.6403 | val_hit@3=0.7717 | val_mcc=0.3016
Epoch 036/200 | loss=0.4415 | val_auroc=0.7483 | val_mrr=0.6401 | val_hit@3=0.7741 | val_mcc=0.2913
Epoch 037/200 | loss=0.4381 | val_auroc=0.7461 | val_mrr=0.6405 | val_hit@3=0.7729 | val_mcc=0.2884
Epoch 038/200 | loss=0.4340 | val_auroc=0.7507 | val_mrr=0.6460 | val_hit@3=0.7792 | val_mcc=0.2953
[BEST] val_mrr -> 0.6460
Epoch 039/200 | loss=0.4461 | val_auroc=0.7454 | val_mrr=0.6380 | val_hit@3=0.7729 | val_mcc=0.2905
Epoch 040/200 | loss=0.4772 | val_auroc=0.7463 | val_mrr=0.6390 | val_hit@3=0.7705 | val_mcc=0.2938
Epoch 041/200 | loss=0.4525 | val_auroc=0.7491 | val_mrr=0.6432 | val_hit@3=0.7708 | val_mcc=0.2935
Epoch 042/200 | loss=0.4352 | val_auroc=0.7530 | val_mrr=0.6442 | val_hit@3=0.7747 | val_mcc=0.2981
Epoch 043/200 | loss=0.4273 | val_auroc=0.7534 | val_mrr=0.6479 | val_hit@3=0.7780 | val_mcc=0.3002
[BEST] val_mrr -> 0.6479
Epoch 044/200 | loss=0.4205 | val_auroc=0.7542 | val_mrr=0.6471 | val_hit@3=0.7786 | val_mcc=0.3060
Epoch 045/200 | loss=0.4188 | val_auroc=0.7524 | val_mrr=0.6448 | val_hit@3=0.7774 | val_mcc=0.2988
Epoch 046/200 | loss=0.4202 | val_auroc=0.7534 | val_mrr=0.6459 | val_hit@3=0.7804 | val_mcc=0.3022
Epoch 047/200 | loss=0.4393 | val_auroc=0.7496 | val_mrr=0.6400 | val_hit@3=0.7759 | val_mcc=0.2915
Epoch 048/200 | loss=0.4406 | val_auroc=0.7482 | val_mrr=0.6429 | val_hit@3=0.7714 | val_mcc=0.2951
Epoch 049/200 | loss=0.4315 | val_auroc=0.7459 | val_mrr=0.6349 | val_hit@3=0.7801 | val_mcc=0.2832
Epoch 050/200 | loss=0.4336 | val_auroc=0.7513 | val_mrr=0.6457 | val_hit@3=0.7726 | val_mcc=0.2942
Epoch 051/200 | loss=0.4275 | val_auroc=0.7503 | val_mrr=0.6432 | val_hit@3=0.7753 | val_mcc=0.3005
Epoch 052/200 | loss=0.4327 | val_auroc=0.7515 | val_mrr=0.6446 | val_hit@3=0.7777 | val_mcc=0.2985
Epoch 053/200 | loss=0.4243 | val_auroc=0.7479 | val_mrr=0.6409 | val_hit@3=0.7675 | val_mcc=0.2951
Epoch 054/200 | loss=0.4213 | val_auroc=0.7514 | val_mrr=0.6461 | val_hit@3=0.7777 | val_mcc=0.2972
Epoch 055/200 | loss=0.4204 | val_auroc=0.7498 | val_mrr=0.6461 | val_hit@3=0.7717 | val_mcc=0.2970
Epoch 056/200 | loss=0.4278 | val_auroc=0.7489 | val_mrr=0.6463 | val_hit@3=0.7771 | val_mcc=0.2916
Epoch 057/200 | loss=0.4300 | val_auroc=0.7487 | val_mrr=0.6429 | val_hit@3=0.7732 | val_mcc=0.2994
Epoch 058/200 | loss=0.4163 | val_auroc=0.7488 | val_mrr=0.6455 | val_hit@3=0.7735 | val_mcc=0.2962
Epoch 059/200 | loss=0.4129 | val_auroc=0.7468 | val_mrr=0.6395 | val_hit@3=0.7717 | val_mcc=0.2918
Epoch 060/200 | loss=0.4123 | val_auroc=0.7474 | val_mrr=0.6413 | val_hit@3=0.7687 | val_mcc=0.2932
Epoch 061/200 | loss=0.4087 | val_auroc=0.7465 | val_mrr=0.6399 | val_hit@3=0.7690 | val_mcc=0.2913
Epoch 062/200 | loss=0.4241 | val_auroc=0.7440 | val_mrr=0.6384 | val_hit@3=0.7675 | val_mcc=0.2885
Epoch 063/200 | loss=0.4413 | val_auroc=0.7419 | val_mrr=0.6284 | val_hit@3=0.7660 | val_mcc=0.2803
Early stopping at epoch 63 (patience=20)
Training complete. Outputs: /Users/atakanemre/PeptidQuantum/outputs/training/ablation_mlx_mlp_l_f1_l1_c0_full
MLX training config | train=60000 val=19998 test=19998 | epochs=200 patience=20 min_epochs_before_early_stop=0
Candidate integrity | train=10000/10000 val=3333/3333 test=3333/3333
Epoch 001/200 | loss=1.1357 | val_auroc=0.6309 | val_mrr=0.5227 | val_hit@3=0.6679 | val_mcc=0.1438
[BEST] val_mrr -> 0.5227
Epoch 002/200 | loss=1.0693 | val_auroc=0.6585 | val_mrr=0.5468 | val_hit@3=0.6841 | val_mcc=0.1762
[BEST] val_mrr -> 0.5468
Epoch 003/200 | loss=1.0143 | val_auroc=0.6842 | val_mrr=0.5680 | val_hit@3=0.7129 | val_mcc=0.1970
[BEST] val_mrr -> 0.5680
Epoch 004/200 | loss=0.9618 | val_auroc=0.7043 | val_mrr=0.5889 | val_hit@3=0.7288 | val_mcc=0.2170
[BEST] val_mrr -> 0.5889
Epoch 005/200 | loss=0.9168 | val_auroc=0.7134 | val_mrr=0.5903 | val_hit@3=0.7384 | val_mcc=0.2320
[BEST] val_mrr -> 0.5903
Epoch 006/200 | loss=0.8783 | val_auroc=0.7195 | val_mrr=0.6053 | val_hit@3=0.7411 | val_mcc=0.2362
[BEST] val_mrr -> 0.6053
Epoch 007/200 | loss=0.8378 | val_auroc=0.7306 | val_mrr=0.6137 | val_hit@3=0.7528 | val_mcc=0.2548
[BEST] val_mrr -> 0.6137
Epoch 008/200 | loss=0.8014 | val_auroc=0.7343 | val_mrr=0.6203 | val_hit@3=0.7591 | val_mcc=0.2577
[BEST] val_mrr -> 0.6203
Epoch 009/200 | loss=0.7692 | val_auroc=0.7378 | val_mrr=0.6191 | val_hit@3=0.7597 | val_mcc=0.2673
Epoch 010/200 | loss=0.7425 | val_auroc=0.7397 | val_mrr=0.6181 | val_hit@3=0.7657 | val_mcc=0.2657
Epoch 011/200 | loss=0.7131 | val_auroc=0.7445 | val_mrr=0.6264 | val_hit@3=0.7711 | val_mcc=0.2697
[BEST] val_mrr -> 0.6264
Epoch 012/200 | loss=0.6892 | val_auroc=0.7469 | val_mrr=0.6344 | val_hit@3=0.7741 | val_mcc=0.2832
[BEST] val_mrr -> 0.6344
Epoch 013/200 | loss=0.6678 | val_auroc=0.7446 | val_mrr=0.6317 | val_hit@3=0.7729 | val_mcc=0.2713
Epoch 014/200 | loss=0.6512 | val_auroc=0.7476 | val_mrr=0.6350 | val_hit@3=0.7750 | val_mcc=0.2784
[BEST] val_mrr -> 0.6350
Epoch 015/200 | loss=0.6305 | val_auroc=0.7501 | val_mrr=0.6383 | val_hit@3=0.7729 | val_mcc=0.2831
[BEST] val_mrr -> 0.6383
Epoch 016/200 | loss=0.6133 | val_auroc=0.7516 | val_mrr=0.6379 | val_hit@3=0.7795 | val_mcc=0.2934
Epoch 017/200 | loss=0.5972 | val_auroc=0.7490 | val_mrr=0.6367 | val_hit@3=0.7750 | val_mcc=0.2812
Epoch 018/200 | loss=0.5819 | val_auroc=0.7468 | val_mrr=0.6357 | val_hit@3=0.7744 | val_mcc=0.2839
Epoch 019/200 | loss=0.5703 | val_auroc=0.7506 | val_mrr=0.6407 | val_hit@3=0.7753 | val_mcc=0.2872
[BEST] val_mrr -> 0.6407
Epoch 020/200 | loss=0.5637 | val_auroc=0.7523 | val_mrr=0.6406 | val_hit@3=0.7768 | val_mcc=0.2948
Epoch 021/200 | loss=0.5502 | val_auroc=0.7490 | val_mrr=0.6409 | val_hit@3=0.7720 | val_mcc=0.2869
[BEST] val_mrr -> 0.6409
Epoch 022/200 | loss=0.5384 | val_auroc=0.7487 | val_mrr=0.6386 | val_hit@3=0.7765 | val_mcc=0.2897
Epoch 023/200 | loss=0.5358 | val_auroc=0.7494 | val_mrr=0.6413 | val_hit@3=0.7804 | val_mcc=0.2904
[BEST] val_mrr -> 0.6413
Epoch 024/200 | loss=0.5259 | val_auroc=0.7496 | val_mrr=0.6379 | val_hit@3=0.7798 | val_mcc=0.2964
Epoch 025/200 | loss=0.5204 | val_auroc=0.7471 | val_mrr=0.6367 | val_hit@3=0.7753 | val_mcc=0.2860
Epoch 026/200 | loss=0.5168 | val_auroc=0.7495 | val_mrr=0.6411 | val_hit@3=0.7774 | val_mcc=0.2903
Epoch 027/200 | loss=0.5076 | val_auroc=0.7468 | val_mrr=0.6408 | val_hit@3=0.7768 | val_mcc=0.2871
Epoch 028/200 | loss=0.4992 | val_auroc=0.7507 | val_mrr=0.6433 | val_hit@3=0.7783 | val_mcc=0.2894
[BEST] val_mrr -> 0.6433
Epoch 029/200 | loss=0.4928 | val_auroc=0.7504 | val_mrr=0.6453 | val_hit@3=0.7840 | val_mcc=0.2921
[BEST] val_mrr -> 0.6453
Epoch 030/200 | loss=0.4922 | val_auroc=0.7525 | val_mrr=0.6482 | val_hit@3=0.7789 | val_mcc=0.2968
[BEST] val_mrr -> 0.6482
Epoch 031/200 | loss=0.4871 | val_auroc=0.7507 | val_mrr=0.6444 | val_hit@3=0.7735 | val_mcc=0.2993
Epoch 032/200 | loss=0.4841 | val_auroc=0.7509 | val_mrr=0.6457 | val_hit@3=0.7780 | val_mcc=0.2991
Epoch 033/200 | loss=0.4772 | val_auroc=0.7489 | val_mrr=0.6426 | val_hit@3=0.7771 | val_mcc=0.2908
Epoch 034/200 | loss=0.4723 | val_auroc=0.7505 | val_mrr=0.6447 | val_hit@3=0.7765 | val_mcc=0.2970
Epoch 035/200 | loss=0.4732 | val_auroc=0.7514 | val_mrr=0.6438 | val_hit@3=0.7726 | val_mcc=0.3013
Epoch 036/200 | loss=0.4689 | val_auroc=0.7499 | val_mrr=0.6417 | val_hit@3=0.7744 | val_mcc=0.2929
Epoch 037/200 | loss=0.4704 | val_auroc=0.7506 | val_mrr=0.6488 | val_hit@3=0.7732 | val_mcc=0.3012
[BEST] val_mrr -> 0.6488
Epoch 038/200 | loss=0.4662 | val_auroc=0.7490 | val_mrr=0.6450 | val_hit@3=0.7780 | val_mcc=0.2916
Epoch 039/200 | loss=0.4598 | val_auroc=0.7527 | val_mrr=0.6428 | val_hit@3=0.7786 | val_mcc=0.2971
Epoch 040/200 | loss=0.4604 | val_auroc=0.7487 | val_mrr=0.6443 | val_hit@3=0.7747 | val_mcc=0.2920
Epoch 041/200 | loss=0.4607 | val_auroc=0.7468 | val_mrr=0.6437 | val_hit@3=0.7687 | val_mcc=0.2915
Epoch 042/200 | loss=0.4550 | val_auroc=0.7522 | val_mrr=0.6465 | val_hit@3=0.7783 | val_mcc=0.3031
Epoch 043/200 | loss=0.4523 | val_auroc=0.7525 | val_mrr=0.6540 | val_hit@3=0.7780 | val_mcc=0.3040
[BEST] val_mrr -> 0.6540
Epoch 044/200 | loss=0.4510 | val_auroc=0.7511 | val_mrr=0.6464 | val_hit@3=0.7693 | val_mcc=0.2936
Epoch 045/200 | loss=0.4492 | val_auroc=0.7492 | val_mrr=0.6432 | val_hit@3=0.7756 | val_mcc=0.2947
Epoch 046/200 | loss=0.4482 | val_auroc=0.7514 | val_mrr=0.6462 | val_hit@3=0.7765 | val_mcc=0.2965
Epoch 047/200 | loss=0.4466 | val_auroc=0.7500 | val_mrr=0.6483 | val_hit@3=0.7756 | val_mcc=0.2997
Epoch 048/200 | loss=0.4446 | val_auroc=0.7484 | val_mrr=0.6422 | val_hit@3=0.7765 | val_mcc=0.2945
Epoch 049/200 | loss=0.4451 | val_auroc=0.7497 | val_mrr=0.6468 | val_hit@3=0.7792 | val_mcc=0.2953
Epoch 050/200 | loss=0.4464 | val_auroc=0.7523 | val_mrr=0.6463 | val_hit@3=0.7804 | val_mcc=0.3025
Epoch 051/200 | loss=0.4421 | val_auroc=0.7516 | val_mrr=0.6478 | val_hit@3=0.7747 | val_mcc=0.2976
Epoch 052/200 | loss=0.4443 | val_auroc=0.7474 | val_mrr=0.6453 | val_hit@3=0.7681 | val_mcc=0.2968
Epoch 053/200 | loss=0.4463 | val_auroc=0.7500 | val_mrr=0.6479 | val_hit@3=0.7771 | val_mcc=0.2994
Epoch 054/200 | loss=0.4419 | val_auroc=0.7460 | val_mrr=0.6442 | val_hit@3=0.7690 | val_mcc=0.2896
Epoch 055/200 | loss=0.4399 | val_auroc=0.7489 | val_mrr=0.6389 | val_hit@3=0.7732 | val_mcc=0.2947
Epoch 056/200 | loss=0.4381 | val_auroc=0.7527 | val_mrr=0.6482 | val_hit@3=0.7726 | val_mcc=0.3033
Epoch 057/200 | loss=0.4335 | val_auroc=0.7506 | val_mrr=0.6490 | val_hit@3=0.7744 | val_mcc=0.2995
Epoch 058/200 | loss=0.4365 | val_auroc=0.7470 | val_mrr=0.6381 | val_hit@3=0.7693 | val_mcc=0.2933
Epoch 059/200 | loss=0.4329 | val_auroc=0.7506 | val_mrr=0.6438 | val_hit@3=0.7744 | val_mcc=0.3018
Epoch 060/200 | loss=0.4301 | val_auroc=0.7505 | val_mrr=0.6485 | val_hit@3=0.7723 | val_mcc=0.2949
Epoch 061/200 | loss=0.4297 | val_auroc=0.7515 | val_mrr=0.6485 | val_hit@3=0.7702 | val_mcc=0.2954
Epoch 062/200 | loss=0.4309 | val_auroc=0.7494 | val_mrr=0.6462 | val_hit@3=0.7708 | val_mcc=0.2955
Epoch 063/200 | loss=0.4272 | val_auroc=0.7503 | val_mrr=0.6472 | val_hit@3=0.7801 | val_mcc=0.2951
Early stopping at epoch 63 (patience=20)
Training complete. Outputs: /Users/atakanemre/PeptidQuantum/outputs/training/ablation_mlx_mlp_m_f1_l1_c0_full
MLX training config | train=60000 val=19998 test=19998 | epochs=200 patience=20 min_epochs_before_early_stop=0
Candidate integrity | train=10000/10000 val=3333/3333 test=3333/3333
Epoch 001/200 | loss=1.1352 | val_auroc=0.6298 | val_mrr=0.5193 | val_hit@3=0.6502 | val_mcc=0.1440
[BEST] val_mrr -> 0.5193
Epoch 002/200 | loss=1.0772 | val_auroc=0.6549 | val_mrr=0.5418 | val_hit@3=0.6796 | val_mcc=0.1613
[BEST] val_mrr -> 0.5418
Epoch 003/200 | loss=1.0335 | val_auroc=0.6820 | val_mrr=0.5662 | val_hit@3=0.7081 | val_mcc=0.1976
[BEST] val_mrr -> 0.5662
Epoch 004/200 | loss=0.9953 | val_auroc=0.6920 | val_mrr=0.5772 | val_hit@3=0.7114 | val_mcc=0.2002
[BEST] val_mrr -> 0.5772
Epoch 005/200 | loss=0.9603 | val_auroc=0.7065 | val_mrr=0.5960 | val_hit@3=0.7366 | val_mcc=0.2226
[BEST] val_mrr -> 0.5960
Epoch 006/200 | loss=0.9320 | val_auroc=0.7142 | val_mrr=0.5988 | val_hit@3=0.7438 | val_mcc=0.2322
[BEST] val_mrr -> 0.5988
Epoch 007/200 | loss=0.9042 | val_auroc=0.7167 | val_mrr=0.6044 | val_hit@3=0.7489 | val_mcc=0.2349
[BEST] val_mrr -> 0.6044
Epoch 008/200 | loss=0.8792 | val_auroc=0.7212 | val_mrr=0.6101 | val_hit@3=0.7456 | val_mcc=0.2405
[BEST] val_mrr -> 0.6101
Epoch 009/200 | loss=0.8555 | val_auroc=0.7293 | val_mrr=0.6194 | val_hit@3=0.7600 | val_mcc=0.2581
[BEST] val_mrr -> 0.6194
Epoch 010/200 | loss=0.8341 | val_auroc=0.7306 | val_mrr=0.6167 | val_hit@3=0.7615 | val_mcc=0.2568
Epoch 011/200 | loss=0.8161 | val_auroc=0.7306 | val_mrr=0.6210 | val_hit@3=0.7555 | val_mcc=0.2573
[BEST] val_mrr -> 0.6210
Epoch 012/200 | loss=0.7991 | val_auroc=0.7371 | val_mrr=0.6209 | val_hit@3=0.7591 | val_mcc=0.2664
Epoch 013/200 | loss=0.7781 | val_auroc=0.7356 | val_mrr=0.6262 | val_hit@3=0.7624 | val_mcc=0.2667
[BEST] val_mrr -> 0.6262
Epoch 014/200 | loss=0.7615 | val_auroc=0.7392 | val_mrr=0.6252 | val_hit@3=0.7627 | val_mcc=0.2677
Epoch 015/200 | loss=0.7461 | val_auroc=0.7412 | val_mrr=0.6308 | val_hit@3=0.7648 | val_mcc=0.2694
[BEST] val_mrr -> 0.6308
Epoch 016/200 | loss=0.7315 | val_auroc=0.7464 | val_mrr=0.6328 | val_hit@3=0.7663 | val_mcc=0.2828
[BEST] val_mrr -> 0.6328
Epoch 017/200 | loss=0.7191 | val_auroc=0.7459 | val_mrr=0.6364 | val_hit@3=0.7663 | val_mcc=0.2779
[BEST] val_mrr -> 0.6364
Epoch 018/200 | loss=0.7062 | val_auroc=0.7457 | val_mrr=0.6370 | val_hit@3=0.7699 | val_mcc=0.2720
[BEST] val_mrr -> 0.6370
Epoch 019/200 | loss=0.6936 | val_auroc=0.7451 | val_mrr=0.6317 | val_hit@3=0.7687 | val_mcc=0.2783
Epoch 020/200 | loss=0.6834 | val_auroc=0.7487 | val_mrr=0.6340 | val_hit@3=0.7768 | val_mcc=0.2801
Epoch 021/200 | loss=0.6718 | val_auroc=0.7453 | val_mrr=0.6357 | val_hit@3=0.7738 | val_mcc=0.2787
Epoch 022/200 | loss=0.6612 | val_auroc=0.7444 | val_mrr=0.6345 | val_hit@3=0.7690 | val_mcc=0.2758
Epoch 023/200 | loss=0.6528 | val_auroc=0.7463 | val_mrr=0.6353 | val_hit@3=0.7735 | val_mcc=0.2796
Epoch 024/200 | loss=0.6433 | val_auroc=0.7488 | val_mrr=0.6367 | val_hit@3=0.7666 | val_mcc=0.2859
Epoch 025/200 | loss=0.6355 | val_auroc=0.7502 | val_mrr=0.6363 | val_hit@3=0.7750 | val_mcc=0.2852
Epoch 026/200 | loss=0.6299 | val_auroc=0.7514 | val_mrr=0.6391 | val_hit@3=0.7738 | val_mcc=0.2896
[BEST] val_mrr -> 0.6391
Epoch 027/200 | loss=0.6183 | val_auroc=0.7502 | val_mrr=0.6399 | val_hit@3=0.7744 | val_mcc=0.2852
[BEST] val_mrr -> 0.6399
Epoch 028/200 | loss=0.6113 | val_auroc=0.7503 | val_mrr=0.6396 | val_hit@3=0.7774 | val_mcc=0.2860
Epoch 029/200 | loss=0.6036 | val_auroc=0.7513 | val_mrr=0.6435 | val_hit@3=0.7753 | val_mcc=0.2914
[BEST] val_mrr -> 0.6435
Epoch 030/200 | loss=0.5977 | val_auroc=0.7503 | val_mrr=0.6412 | val_hit@3=0.7738 | val_mcc=0.2933
Epoch 031/200 | loss=0.5934 | val_auroc=0.7496 | val_mrr=0.6441 | val_hit@3=0.7771 | val_mcc=0.2963
[BEST] val_mrr -> 0.6441
Epoch 032/200 | loss=0.5873 | val_auroc=0.7530 | val_mrr=0.6457 | val_hit@3=0.7705 | val_mcc=0.3008
[BEST] val_mrr -> 0.6457
Epoch 033/200 | loss=0.5799 | val_auroc=0.7500 | val_mrr=0.6403 | val_hit@3=0.7693 | val_mcc=0.2881
Epoch 034/200 | loss=0.5762 | val_auroc=0.7532 | val_mrr=0.6446 | val_hit@3=0.7804 | val_mcc=0.2992
Epoch 035/200 | loss=0.5719 | val_auroc=0.7521 | val_mrr=0.6440 | val_hit@3=0.7750 | val_mcc=0.2934
Epoch 036/200 | loss=0.5646 | val_auroc=0.7517 | val_mrr=0.6436 | val_hit@3=0.7714 | val_mcc=0.2933
Epoch 037/200 | loss=0.5617 | val_auroc=0.7500 | val_mrr=0.6399 | val_hit@3=0.7774 | val_mcc=0.2950
Epoch 038/200 | loss=0.5578 | val_auroc=0.7481 | val_mrr=0.6421 | val_hit@3=0.7765 | val_mcc=0.2850
Epoch 039/200 | loss=0.5524 | val_auroc=0.7515 | val_mrr=0.6413 | val_hit@3=0.7777 | val_mcc=0.2944
Epoch 040/200 | loss=0.5488 | val_auroc=0.7491 | val_mrr=0.6431 | val_hit@3=0.7765 | val_mcc=0.2944
Epoch 041/200 | loss=0.5430 | val_auroc=0.7510 | val_mrr=0.6434 | val_hit@3=0.7777 | val_mcc=0.2898
Epoch 042/200 | loss=0.5397 | val_auroc=0.7535 | val_mrr=0.6456 | val_hit@3=0.7783 | val_mcc=0.2992
Epoch 043/200 | loss=0.5374 | val_auroc=0.7527 | val_mrr=0.6454 | val_hit@3=0.7789 | val_mcc=0.3000
Epoch 044/200 | loss=0.5349 | val_auroc=0.7523 | val_mrr=0.6447 | val_hit@3=0.7744 | val_mcc=0.2959
Epoch 045/200 | loss=0.5295 | val_auroc=0.7517 | val_mrr=0.6446 | val_hit@3=0.7774 | val_mcc=0.2982
Epoch 046/200 | loss=0.5290 | val_auroc=0.7504 | val_mrr=0.6429 | val_hit@3=0.7798 | val_mcc=0.2936
Epoch 047/200 | loss=0.5278 | val_auroc=0.7516 | val_mrr=0.6485 | val_hit@3=0.7768 | val_mcc=0.2990
[BEST] val_mrr -> 0.6485
Epoch 048/200 | loss=0.5222 | val_auroc=0.7507 | val_mrr=0.6456 | val_hit@3=0.7777 | val_mcc=0.2948
Epoch 049/200 | loss=0.5246 | val_auroc=0.7502 | val_mrr=0.6466 | val_hit@3=0.7747 | val_mcc=0.2955
Epoch 050/200 | loss=0.5218 | val_auroc=0.7514 | val_mrr=0.6441 | val_hit@3=0.7780 | val_mcc=0.2963
Epoch 051/200 | loss=0.5142 | val_auroc=0.7525 | val_mrr=0.6436 | val_hit@3=0.7756 | val_mcc=0.2980
Epoch 052/200 | loss=0.5138 | val_auroc=0.7517 | val_mrr=0.6433 | val_hit@3=0.7756 | val_mcc=0.3025
Epoch 053/200 | loss=0.5154 | val_auroc=0.7531 | val_mrr=0.6473 | val_hit@3=0.7777 | val_mcc=0.2998
Epoch 054/200 | loss=0.5083 | val_auroc=0.7511 | val_mrr=0.6453 | val_hit@3=0.7741 | val_mcc=0.2985
Epoch 055/200 | loss=0.5085 | val_auroc=0.7512 | val_mrr=0.6466 | val_hit@3=0.7765 | val_mcc=0.3038
Epoch 056/200 | loss=0.5054 | val_auroc=0.7514 | val_mrr=0.6441 | val_hit@3=0.7732 | val_mcc=0.3032
Epoch 057/200 | loss=0.5058 | val_auroc=0.7507 | val_mrr=0.6416 | val_hit@3=0.7711 | val_mcc=0.2977
Epoch 058/200 | loss=0.5033 | val_auroc=0.7485 | val_mrr=0.6433 | val_hit@3=0.7732 | val_mcc=0.2952
Epoch 059/200 | loss=0.4977 | val_auroc=0.7494 | val_mrr=0.6452 | val_hit@3=0.7690 | val_mcc=0.2939
Epoch 060/200 | loss=0.4997 | val_auroc=0.7500 | val_mrr=0.6446 | val_hit@3=0.7735 | val_mcc=0.2953
Epoch 061/200 | loss=0.4977 | val_auroc=0.7513 | val_mrr=0.6443 | val_hit@3=0.7690 | val_mcc=0.3000
Epoch 062/200 | loss=0.4971 | val_auroc=0.7510 | val_mrr=0.6457 | val_hit@3=0.7759 | val_mcc=0.2986
Epoch 063/200 | loss=0.4946 | val_auroc=0.7522 | val_mrr=0.6455 | val_hit@3=0.7747 | val_mcc=0.3018
Epoch 064/200 | loss=0.4942 | val_auroc=0.7508 | val_mrr=0.6480 | val_hit@3=0.7729 | val_mcc=0.2975
Epoch 065/200 | loss=0.4922 | val_auroc=0.7543 | val_mrr=0.6471 | val_hit@3=0.7699 | val_mcc=0.3000
Epoch 066/200 | loss=0.4920 | val_auroc=0.7531 | val_mrr=0.6464 | val_hit@3=0.7756 | val_mcc=0.3032
Epoch 067/200 | loss=0.4898 | val_auroc=0.7507 | val_mrr=0.6436 | val_hit@3=0.7717 | val_mcc=0.2983
Early stopping at epoch 67 (patience=20)
Training complete. Outputs: /Users/atakanemre/PeptidQuantum/outputs/training/ablation_mlx_mlp_s_f1_l1_c0_full
[RUN] 1A6A_A_C -> 1A6A A/C
2D structure saved to /Users/atakanemre/PeptidQuantum/outputs/analysis_propedia_batch_mlx/1A6A/figures/peptide_2d.png
3Dmol.js viewer saved to /Users/atakanemre/PeptidQuantum/outputs/analysis_propedia_batch_mlx/1A6A/viewer.html
HTML report saved to /Users/atakanemre/PeptidQuantum/outputs/analysis_propedia_batch_mlx/1A6A/report.html
[RUN] 1A6A_B_C -> 1A6A B/C
2D structure saved to /Users/atakanemre/PeptidQuantum/outputs/analysis_propedia_batch_mlx/1A6A/figures/peptide_2d.png
3Dmol.js viewer saved to /Users/atakanemre/PeptidQuantum/outputs/analysis_propedia_batch_mlx/1A6A/viewer.html
HTML report saved to /Users/atakanemre/PeptidQuantum/outputs/analysis_propedia_batch_mlx/1A6A/report.html
[RUN] 1AB9_B_A -> 1AB9 B/A
2D structure saved to /Users/atakanemre/PeptidQuantum/outputs/analysis_propedia_batch_mlx/1AB9/figures/peptide_2d.png
3Dmol.js viewer saved to /Users/atakanemre/PeptidQuantum/outputs/analysis_propedia_batch_mlx/1AB9/viewer.html
HTML report saved to /Users/atakanemre/PeptidQuantum/outputs/analysis_propedia_batch_mlx/1AB9/report.html
[RUN] 1AB9_B_D -> 1AB9 B/D
2D structure saved to /Users/atakanemre/PeptidQuantum/outputs/analysis_propedia_batch_mlx/1AB9/figures/peptide_2d.png
3Dmol.js viewer saved to /Users/atakanemre/PeptidQuantum/outputs/analysis_propedia_batch_mlx/1AB9/viewer.html
HTML report saved to /Users/atakanemre/PeptidQuantum/outputs/analysis_propedia_batch_mlx/1AB9/report.html
[RUN] 1AB9_C_A -> 1AB9 C/A
2D structure saved to /Users/atakanemre/PeptidQuantum/outputs/analysis_propedia_batch_mlx/1AB9/figures/peptide_2d.png
3Dmol.js viewer saved to /Users/atakanemre/PeptidQuantum/outputs/analysis_propedia_batch_mlx/1AB9/viewer.html
HTML report saved to /Users/atakanemre/PeptidQuantum/outputs/analysis_propedia_batch_mlx/1AB9/report.html
[RUN] 1AB9_C_D -> 1AB9 C/D
2D structure saved to /Users/atakanemre/PeptidQuantum/outputs/analysis_propedia_batch_mlx/1AB9/figures/peptide_2d.png
3Dmol.js viewer saved to /Users/atakanemre/PeptidQuantum/outputs/analysis_propedia_batch_mlx/1AB9/viewer.html
HTML report saved to /Users/atakanemre/PeptidQuantum/outputs/analysis_propedia_batch_mlx/1AB9/report.html
[RUN] 1ABT_A_B -> 1ABT A/B
2D structure saved to /Users/atakanemre/PeptidQuantum/outputs/analysis_propedia_batch_mlx/1ABT/figures/peptide_2d.png
3Dmol.js viewer saved to /Users/atakanemre/PeptidQuantum/outputs/analysis_propedia_batch_mlx/1ABT/viewer.html
HTML report saved to /Users/atakanemre/PeptidQuantum/outputs/analysis_propedia_batch_mlx/1ABT/report.html
[RUN] 1AFQ_B_A -> 1AFQ B/A
2D structure saved to /Users/atakanemre/PeptidQuantum/outputs/analysis_propedia_batch_mlx/1AFQ/figures/peptide_2d.png
3Dmol.js viewer saved to /Users/atakanemre/PeptidQuantum/outputs/analysis_propedia_batch_mlx/1AFQ/viewer.html
HTML report saved to /Users/atakanemre/PeptidQuantum/outputs/analysis_propedia_batch_mlx/1AFQ/report.html
[RUN] 1AFQ_C_A -> 1AFQ C/A
2D structure saved to /Users/atakanemre/PeptidQuantum/outputs/analysis_propedia_batch_mlx/1AFQ/figures/peptide_2d.png
3Dmol.js viewer saved to /Users/atakanemre/PeptidQuantum/outputs/analysis_propedia_batch_mlx/1AFQ/viewer.html
HTML report saved to /Users/atakanemre/PeptidQuantum/outputs/analysis_propedia_batch_mlx/1AFQ/report.html
[RUN] 1AI8_H_I -> 1AI8 H/I
2D structure saved to /Users/atakanemre/PeptidQuantum/outputs/analysis_propedia_batch_mlx/1AI8/figures/peptide_2d.png
3Dmol.js viewer saved to /Users/atakanemre/PeptidQuantum/outputs/analysis_propedia_batch_mlx/1AI8/viewer.html
HTML report saved to /Users/atakanemre/PeptidQuantum/outputs/analysis_propedia_batch_mlx/1AI8/report.html
[OK] sanity batch complete: 10/10 passed
[OK] summary: /Users/atakanemre/PeptidQuantum/outputs/analysis_propedia_batch_mlx/visualization_sanity_summary.json
[RUN] 1A6A_A_C -> 1A6A A/C
2D structure saved to /Users/atakanemre/PeptidQuantum/outputs/analysis_propedia_top_ranked_batch_mlx/1A6A/figures/peptide_2d.png
3Dmol.js viewer saved to /Users/atakanemre/PeptidQuantum/outputs/analysis_propedia_top_ranked_batch_mlx/1A6A/viewer.html
HTML report saved to /Users/atakanemre/PeptidQuantum/outputs/analysis_propedia_top_ranked_batch_mlx/1A6A/report.html
[RUN] 1A6A_B_C -> 1A6A B/C
2D structure saved to /Users/atakanemre/PeptidQuantum/outputs/analysis_propedia_top_ranked_batch_mlx/1A6A/figures/peptide_2d.png
3Dmol.js viewer saved to /Users/atakanemre/PeptidQuantum/outputs/analysis_propedia_top_ranked_batch_mlx/1A6A/viewer.html
HTML report saved to /Users/atakanemre/PeptidQuantum/outputs/analysis_propedia_top_ranked_batch_mlx/1A6A/report.html
[RUN] 1AB9_B_A -> 1AB9 B/A
2D structure saved to /Users/atakanemre/PeptidQuantum/outputs/analysis_propedia_top_ranked_batch_mlx/1AB9/figures/peptide_2d.png
3Dmol.js viewer saved to /Users/atakanemre/PeptidQuantum/outputs/analysis_propedia_top_ranked_batch_mlx/1AB9/viewer.html
HTML report saved to /Users/atakanemre/PeptidQuantum/outputs/analysis_propedia_top_ranked_batch_mlx/1AB9/report.html
[RUN] 1AB9_B_D -> 1AB9 B/D
2D structure saved to /Users/atakanemre/PeptidQuantum/outputs/analysis_propedia_top_ranked_batch_mlx/1AB9/figures/peptide_2d.png
3Dmol.js viewer saved to /Users/atakanemre/PeptidQuantum/outputs/analysis_propedia_top_ranked_batch_mlx/1AB9/viewer.html
HTML report saved to /Users/atakanemre/PeptidQuantum/outputs/analysis_propedia_top_ranked_batch_mlx/1AB9/report.html
[RUN] 1AB9_C_A -> 1AB9 C/A
2D structure saved to /Users/atakanemre/PeptidQuantum/outputs/analysis_propedia_top_ranked_batch_mlx/1AB9/figures/peptide_2d.png
3Dmol.js viewer saved to /Users/atakanemre/PeptidQuantum/outputs/analysis_propedia_top_ranked_batch_mlx/1AB9/viewer.html
HTML report saved to /Users/atakanemre/PeptidQuantum/outputs/analysis_propedia_top_ranked_batch_mlx/1AB9/report.html
[RUN] 1AB9_C_D -> 1AB9 C/D
2D structure saved to /Users/atakanemre/PeptidQuantum/outputs/analysis_propedia_top_ranked_batch_mlx/1AB9/figures/peptide_2d.png
3Dmol.js viewer saved to /Users/atakanemre/PeptidQuantum/outputs/analysis_propedia_top_ranked_batch_mlx/1AB9/viewer.html
HTML report saved to /Users/atakanemre/PeptidQuantum/outputs/analysis_propedia_top_ranked_batch_mlx/1AB9/report.html
[RUN] 1ABT_A_B -> 1ABT A/B
2D structure saved to /Users/atakanemre/PeptidQuantum/outputs/analysis_propedia_top_ranked_batch_mlx/1ABT/figures/peptide_2d.png
3Dmol.js viewer saved to /Users/atakanemre/PeptidQuantum/outputs/analysis_propedia_top_ranked_batch_mlx/1ABT/viewer.html
HTML report saved to /Users/atakanemre/PeptidQuantum/outputs/analysis_propedia_top_ranked_batch_mlx/1ABT/report.html
[RUN] 1AFQ_B_A -> 1AFQ B/A
2D structure saved to /Users/atakanemre/PeptidQuantum/outputs/analysis_propedia_top_ranked_batch_mlx/1AFQ/figures/peptide_2d.png
3Dmol.js viewer saved to /Users/atakanemre/PeptidQuantum/outputs/analysis_propedia_top_ranked_batch_mlx/1AFQ/viewer.html
HTML report saved to /Users/atakanemre/PeptidQuantum/outputs/analysis_propedia_top_ranked_batch_mlx/1AFQ/report.html
[RUN] 1AFQ_C_A -> 1AFQ C/A
2D structure saved to /Users/atakanemre/PeptidQuantum/outputs/analysis_propedia_top_ranked_batch_mlx/1AFQ/figures/peptide_2d.png
3Dmol.js viewer saved to /Users/atakanemre/PeptidQuantum/outputs/analysis_propedia_top_ranked_batch_mlx/1AFQ/viewer.html
HTML report saved to /Users/atakanemre/PeptidQuantum/outputs/analysis_propedia_top_ranked_batch_mlx/1AFQ/report.html
[RUN] 1AI8_H_I -> 1AI8 H/I
2D structure saved to /Users/atakanemre/PeptidQuantum/outputs/analysis_propedia_top_ranked_batch_mlx/1AI8/figures/peptide_2d.png
3Dmol.js viewer saved to /Users/atakanemre/PeptidQuantum/outputs/analysis_propedia_top_ranked_batch_mlx/1AI8/viewer.html
HTML report saved to /Users/atakanemre/PeptidQuantum/outputs/analysis_propedia_top_ranked_batch_mlx/1AI8/report.html
[OK] sanity batch complete: 10/10 passed
[OK] summary: /Users/atakanemre/PeptidQuantum/outputs/analysis_propedia_top_ranked_batch_mlx/visualization_sanity_summary.json
Ablation summary: /Users/atakanemre/PeptidQuantum/outputs/training/peptidquantum_v0_1_final_best_mlx_ablation/ablation_summary.csv
Final best dir: /Users/atakanemre/PeptidQuantum/outputs/training/peptidquantum_v0_1_final_best_mlx_ablation
